Using pre-set license
Built from '2022.3/staging' branch; Version is '2022.3.23f1 (dbb3f7c5b5c6) revision 14398455'; Using compiler version '192829333'; Build Type 'Release'
OS: 'Windows 11  (10.0.26100) 64bit Professional' Language: 'tr' Physical Memory: 32621 MB
BatchMode: 1, IsHumanControllingUs: 0, StartBugReporterOnCrash: 0, Is64bit: 1, IsPro: 1

COMMAND LINE ARGUMENTS:
C:\Program Files\Unity\Hub\Editor\2022.3.23f1\Editor\Unity.exe
-adb2
-batchMode
-noUpm
-name
AssetImportWorker1
-projectPath
D:/Github/SkyBloom/Skybloom
-logFile
Logs/AssetImportWorker1.log
-srvPort
50117
Successfully changed project path to: D:/Github/SkyBloom/Skybloom
D:/Github/SkyBloom/Skybloom
[UnityMemory] Configuration Parameters - Can be set up in boot.config
    "memorysetup-bucket-allocator-granularity=16"
    "memorysetup-bucket-allocator-bucket-count=8"
    "memorysetup-bucket-allocator-block-size=33554432"
    "memorysetup-bucket-allocator-block-count=8"
    "memorysetup-main-allocator-block-size=16777216"
    "memorysetup-thread-allocator-block-size=16777216"
    "memorysetup-gfx-main-allocator-block-size=16777216"
    "memorysetup-gfx-thread-allocator-block-size=16777216"
    "memorysetup-cache-allocator-block-size=4194304"
    "memorysetup-typetree-allocator-block-size=2097152"
    "memorysetup-profiler-bucket-allocator-granularity=16"
    "memorysetup-profiler-bucket-allocator-bucket-count=8"
    "memorysetup-profiler-bucket-allocator-block-size=33554432"
    "memorysetup-profiler-bucket-allocator-block-count=8"
    "memorysetup-profiler-allocator-block-size=16777216"
    "memorysetup-profiler-editor-allocator-block-size=1048576"
    "memorysetup-temp-allocator-size-main=16777216"
    "memorysetup-job-temp-allocator-block-size=2097152"
    "memorysetup-job-temp-allocator-block-size-background=1048576"
    "memorysetup-job-temp-allocator-reduction-small-platforms=262144"
    "memorysetup-allocator-temp-initial-block-size-main=262144"
    "memorysetup-allocator-temp-initial-block-size-worker=262144"
    "memorysetup-temp-allocator-size-background-worker=32768"
    "memorysetup-temp-allocator-size-job-worker=262144"
    "memorysetup-temp-allocator-size-preload-manager=33554432"
    "memorysetup-temp-allocator-size-nav-mesh-worker=65536"
    "memorysetup-temp-allocator-size-audio-worker=65536"
    "memorysetup-temp-allocator-size-cloud-worker=32768"
    "memorysetup-temp-allocator-size-gi-baking-worker=262144"
    "memorysetup-temp-allocator-size-gfx=262144"
Player connection [6780] Host "[IP] 10.0.1.129 [Port] 0 [Flags] 2 [Guid] 1795161150 [EditorId] 1795161150 [Version] 1048832 [Id] WindowsEditor(7,DESKTOP-P02AFH1) [Debug] 1 [PackageName] WindowsEditor [ProjectName] Editor" joined multi-casting on [225.0.0.222:54997]...

Player connection [6780] Host "[IP] 10.0.1.129 [Port] 0 [Flags] 2 [Guid] 1795161150 [EditorId] 1795161150 [Version] 1048832 [Id] WindowsEditor(7,DESKTOP-P02AFH1) [Debug] 1 [PackageName] WindowsEditor [ProjectName] Editor" joined alternative multi-casting on [225.0.0.222:34997]...

[Physics::Module] Initialized MultithreadedJobDispatcher with 23 workers.
Refreshing native plugins compatible for Editor in 5.51 ms, found 9 plugins.
Preloading 0 native plugins for Editor in 0.00 ms.
Initialize engine version: 2022.3.23f1 (dbb3f7c5b5c6)
[Subsystems] Discovering subsystems at path C:/Program Files/Unity/Hub/Editor/2022.3.23f1/Editor/Data/Resources/UnitySubsystems
[Subsystems] Discovering subsystems at path D:/Github/SkyBloom/Skybloom/Assets
GfxDevice: creating device client; threaded=0; jobified=0
Direct3D:
    Version:  Direct3D 11.0 [level 11.1]
    Renderer: NVIDIA GeForce RTX 3050 (ID=0x2507)
    Vendor:   NVIDIA
    VRAM:     8042 MB
    Driver:   32.0.15.7216
Initialize mono
Mono path[0] = 'C:/Program Files/Unity/Hub/Editor/2022.3.23f1/Editor/Data/Managed'
Mono path[1] = 'C:/Program Files/Unity/Hub/Editor/2022.3.23f1/Editor/Data/MonoBleedingEdge/lib/mono/unityjit-win32'
Mono config path = 'C:/Program Files/Unity/Hub/Editor/2022.3.23f1/Editor/Data/MonoBleedingEdge/etc'
Using monoOptions --debugger-agent=transport=dt_socket,embedding=1,server=y,suspend=n,address=127.0.0.1:56068
Begin MonoManager ReloadAssembly
Registering precompiled unity dll's ...
Register platform support module: C:/Program Files/Unity/Hub/Editor/2022.3.23f1/Editor/Data/PlaybackEngines/WindowsStandaloneSupport/UnityEditor.WindowsStandalone.Extensions.dll
Registered in 0.003305 seconds.
- Loaded All Assemblies, in  0.199 seconds
Native extension for WindowsStandalone target not found
Mono: successfully reloaded assembly
- Finished resetting the current domain, in  0.158 seconds
Domain Reload Profiling: 357ms
	BeginReloadAssembly (63ms)
		ExecutionOrderSort (0ms)
		DisableScriptedObjects (0ms)
		BackupInstance (0ms)
		ReleaseScriptingObjects (0ms)
		CreateAndSetChildDomain (0ms)
	RebuildCommonClasses (19ms)
	RebuildNativeTypeToScriptingClass (6ms)
	initialDomainReloadingComplete (33ms)
	LoadAllAssembliesAndSetupDomain (77ms)
		LoadAssemblies (62ms)
		RebuildTransferFunctionScriptingTraits (0ms)
		AnalyzeDomain (76ms)
			TypeCache.Refresh (75ms)
				TypeCache.ScanAssembly (67ms)
			ScanForSourceGeneratedMonoScriptInfo (0ms)
			ResolveRequiredComponents (0ms)
	FinalizeReload (158ms)
		ReleaseScriptCaches (0ms)
		RebuildScriptCaches (0ms)
		SetupLoadedEditorAssemblies (125ms)
			LogAssemblyErrors (0ms)
			InitializePlatformSupportModulesInManaged (5ms)
			SetLoadedEditorAssemblies (5ms)
			RefreshPlugins (0ms)
			BeforeProcessingInitializeOnLoad (1ms)
			ProcessInitializeOnLoadAttributes (87ms)
			ProcessInitializeOnLoadMethodAttributes (27ms)
			AfterProcessingInitializeOnLoad (0ms)
			EditorAssembliesLoaded (0ms)
		ExecutionOrderSort2 (0ms)
		AwakeInstancesAfterBackupRestoration (0ms)
========================================================================
Worker process is ready to serve import requests
Begin MonoManager ReloadAssembly
- Loaded All Assemblies, in  0.375 seconds
Refreshing native plugins compatible for Editor in 2.23 ms, found 9 plugins.
Native extension for WindowsStandalone target not found
Mono: successfully reloaded assembly
- Finished resetting the current domain, in  0.554 seconds
Domain Reload Profiling: 928ms
	BeginReloadAssembly (83ms)
		ExecutionOrderSort (0ms)
		DisableScriptedObjects (3ms)
		BackupInstance (0ms)
		ReleaseScriptingObjects (0ms)
		CreateAndSetChildDomain (11ms)
	RebuildCommonClasses (19ms)
	RebuildNativeTypeToScriptingClass (5ms)
	initialDomainReloadingComplete (24ms)
	LoadAllAssembliesAndSetupDomain (242ms)
		LoadAssemblies (176ms)
		RebuildTransferFunctionScriptingTraits (0ms)
		AnalyzeDomain (114ms)
			TypeCache.Refresh (92ms)
				TypeCache.ScanAssembly (82ms)
			ScanForSourceGeneratedMonoScriptInfo (14ms)
			ResolveRequiredComponents (6ms)
	FinalizeReload (554ms)
		ReleaseScriptCaches (0ms)
		RebuildScriptCaches (0ms)
		SetupLoadedEditorAssemblies (445ms)
			LogAssemblyErrors (0ms)
			InitializePlatformSupportModulesInManaged (3ms)
			SetLoadedEditorAssemblies (3ms)
			RefreshPlugins (0ms)
			BeforeProcessingInitializeOnLoad (46ms)
			ProcessInitializeOnLoadAttributes (354ms)
			ProcessInitializeOnLoadMethodAttributes (35ms)
			AfterProcessingInitializeOnLoad (3ms)
			EditorAssembliesLoaded (0ms)
		ExecutionOrderSort2 (0ms)
		AwakeInstancesAfterBackupRestoration (4ms)
Launched and connected shader compiler UnityShaderCompiler.exe after 0.03 seconds
Refreshing native plugins compatible for Editor in 4.60 ms, found 9 plugins.
Preloading 0 native plugins for Editor in 0.00 ms.
Unloading 5029 Unused Serialized files (Serialized files now loaded: 0)
Unloading 101 unused Assets / (0.9 MB). Loaded Objects now: 5480.
Memory consumption went from 175.9 MB to 175.0 MB.
Total: 4.362200 ms (FindLiveObjects: 0.325000 ms CreateObjectMapping: 0.148300 ms MarkObjects: 3.506900 ms  DeleteObjects: 0.381200 ms)

AssetImportParameters requested are different than current active one (requested -> active):
  custom:container-demuxer-ogg: 62fdf1f143b41e24485cea50d1cbac27 -> 
  custom:video-codec-MediaFoundation-h265: 746d11721c4dcdbdad8f713fa42b33f4 -> 
  custom:video-decoder-ogg-theora: a1e56fd34408186e4bbccfd4996cb3dc -> 
  custom:framework-win-MediaFoundation: 216162199b28c13a410421893ffa2e32 -> 
  custom:CustomObjectIndexerAttribute: 9a22284fe3817be447336de3de66b15e -> 
  custom:container-demuxer-webm: 4f35f7cbe854078d1ac9338744f61a02 -> 
  custom:container-muxer-webm: aa71ff27fc2769a1b78a27578f13a17b -> 
  custom:video-decoder-webm-vp8: 9c59270c3fd7afecdb556c50c9e8de78 -> 
  custom:SearchIndexIgnoredProperties: e643bd26f0fe6173181afceb89e7c659 -> 
  custom:AudioImporter_EditorPlatform: d09bf68614088b80899f8185d706f6e7 -> 
  custom:video-encoder-webm-vp8: eb34c28f22e8b96e1ab97ce403110664 -> 
  custom:audio-decoder-ogg-vorbis: bf7c407c2cedff20999df2af8eb42d56 -> 
  custom:audio-encoder-webm-vorbis: bf7c407c2cedff20999df2af8eb42d56 -> 
========================================================================
Received Import Request.
  Time since last request: 9295.167304 seconds.
  path: Assets/Sprites/Cainos/Pixel Art Platformer - Village House/Prefab/PF House 04.prefab
  artifactKey: Guid(0fd692632b0fdbb41ae4c1ca77c74df5) Importer(815301076,1909f56bfc062723c751e8b465ee728b)
Start importing Assets/Sprites/Cainos/Pixel Art Platformer - Village House/Prefab/PF House 04.prefab using Guid(0fd692632b0fdbb41ae4c1ca77c74df5) Importer(815301076,1909f56bfc062723c751e8b465ee728b)  -> (artifact id: 'dc642661767829122a3ccd8c365d4c1f') in 0.128376 seconds
Number of updated asset objects reloaded before import = 0
Number of asset objects unloaded after import = 558
========================================================================
Received Import Request.
  Time since last request: 0.000021 seconds.
  path: Assets/Sprites/Cainos/Pixel Art Platformer - Village House/Prefab
  artifactKey: Guid(a112f3dab5ed8234cafe9bfb479e401c) Importer(815301076,1909f56bfc062723c751e8b465ee728b)
Start importing Assets/Sprites/Cainos/Pixel Art Platformer - Village House/Prefab using Guid(a112f3dab5ed8234cafe9bfb479e401c) Importer(815301076,1909f56bfc062723c751e8b465ee728b)  -> (artifact id: '2d243d03a78ecf84c3f865a06260baba') in 0.000339 seconds
Number of updated asset objects reloaded before import = 0
Number of asset objects unloaded after import = 0
========================================================================
Received Import Request.
  Time since last request: 0.000022 seconds.
  path: Assets/Sprites/Cainos/Pixel Art Platformer - Village House/Prefab/PF House 07.prefab
  artifactKey: Guid(14137c8e282545f4b81fc929c729a368) Importer(815301076,1909f56bfc062723c751e8b465ee728b)
Start importing Assets/Sprites/Cainos/Pixel Art Platformer - Village House/Prefab/PF House 07.prefab using Guid(14137c8e282545f4b81fc929c729a368) Importer(815301076,1909f56bfc062723c751e8b465ee728b)  -> (artifact id: '99e469a0c8ea93b931c113bc95575256') in 0.012669 seconds
Number of updated asset objects reloaded before import = 0
Number of asset objects unloaded after import = 490
========================================================================
Received Import Request.
  Time since last request: 0.000010 seconds.
  path: Assets/Sprites/Cainos/Pixel Art Platformer - Village House/Prefab/PF House 08.prefab
  artifactKey: Guid(9cac384616e7c3742adf4682400336f4) Importer(815301076,1909f56bfc062723c751e8b465ee728b)
Start importing Assets/Sprites/Cainos/Pixel Art Platformer - Village House/Prefab/PF House 08.prefab using Guid(9cac384616e7c3742adf4682400336f4) Importer(815301076,1909f56bfc062723c751e8b465ee728b)  -> (artifact id: 'dceab9f2f96cae6f7a7bd2932bf3e477') in 0.012464 seconds
Number of updated asset objects reloaded before import = 0
Number of asset objects unloaded after import = 208
========================================================================
Received Import Request.
  Time since last request: 0.000010 seconds.
  path: Assets/Sprites/Cainos/Pixel Art Platformer - Village House/Prefab/PF House 03.prefab
  artifactKey: Guid(097195a915d3ec54cb00c29b72e842be) Importer(815301076,1909f56bfc062723c751e8b465ee728b)
Start importing Assets/Sprites/Cainos/Pixel Art Platformer - Village House/Prefab/PF House 03.prefab using Guid(097195a915d3ec54cb00c29b72e842be) Importer(815301076,1909f56bfc062723c751e8b465ee728b)  -> (artifact id: 'fcaeb33dc10ff32520eddca7fb899cb2') in 0.010822 seconds
Number of updated asset objects reloaded before import = 0
Number of asset objects unloaded after import = 327
========================================================================
Received Import Request.
  Time since last request: 13.357729 seconds.
  path: Assets/Sprites/Cainos/Pixel Art Platformer - Village Props/Prefab/PF Village Props - Arrow.prefab
  artifactKey: Guid(27277137d0605bd45bd741cdb791e0c1) Importer(815301076,1909f56bfc062723c751e8b465ee728b)
Start importing Assets/Sprites/Cainos/Pixel Art Platformer - Village Props/Prefab/PF Village Props - Arrow.prefab using Guid(27277137d0605bd45bd741cdb791e0c1) Importer(815301076,1909f56bfc062723c751e8b465ee728b)  -> (artifact id: 'd0837797ede5e9bb814cba77982b356f') in 0.001607 seconds
Number of updated asset objects reloaded before import = 0
Number of asset objects unloaded after import = 5
========================================================================
Received Import Request.
  Time since last request: 0.000010 seconds.
  path: Assets/Sprites/Cainos/Pixel Art Platformer - Village Props/Prefab/PF Village Props - Bucket 01.prefab
  artifactKey: Guid(75e84fbdb66ab5647a06b786c6662307) Importer(815301076,1909f56bfc062723c751e8b465ee728b)
Start importing Assets/Sprites/Cainos/Pixel Art Platformer - Village Props/Prefab/PF Village Props - Bucket 01.prefab using Guid(75e84fbdb66ab5647a06b786c6662307) Importer(815301076,1909f56bfc062723c751e8b465ee728b)  -> (artifact id: '1217004049531b0f7ad4e67ff58c4f18') in 0.001202 seconds
Number of updated asset objects reloaded before import = 0
Number of asset objects unloaded after import = 5
========================================================================
Received Import Request.
  Time since last request: 0.000008 seconds.
  path: Assets/Sprites/Cainos/Pixel Art Platformer - Village Props/Prefab/PF Village Props - Bush 03.prefab
  artifactKey: Guid(de570bfbf1a49ba4c9575930f7db6bae) Importer(815301076,1909f56bfc062723c751e8b465ee728b)
Start importing Assets/Sprites/Cainos/Pixel Art Platformer - Village Props/Prefab/PF Village Props - Bush 03.prefab using Guid(de570bfbf1a49ba4c9575930f7db6bae) Importer(815301076,1909f56bfc062723c751e8b465ee728b)  -> (artifact id: '614cd38690c8b3c91b54a39bb657c987') in 0.001015 seconds
Number of updated asset objects reloaded before import = 0
Number of asset objects unloaded after import = 5
========================================================================
Received Import Request.
  Time since last request: 0.000006 seconds.
  path: Assets/Sprites/Cainos/Pixel Art Platformer - Village Props/Prefab/PF Village Props - Clother Hanger.prefab
  artifactKey: Guid(cbdefb422455c2a4aab364028b4b5e10) Importer(815301076,1909f56bfc062723c751e8b465ee728b)
Start importing Assets/Sprites/Cainos/Pixel Art Platformer - Village Props/Prefab/PF Village Props - Clother Hanger.prefab using Guid(cbdefb422455c2a4aab364028b4b5e10) Importer(815301076,1909f56bfc062723c751e8b465ee728b)  -> (artifact id: '6fbca6468c09fae29a282be6f236af7e') in 0.001329 seconds
Number of updated asset objects reloaded before import = 0
Number of asset objects unloaded after import = 58
========================================================================
Received Import Request.
  Time since last request: 0.000005 seconds.
  path: Assets/Sprites/Cainos/Pixel Art Platformer - Village Props/Prefab/PF Village Props - Crate Large.prefab
  artifactKey: Guid(78538c3cab4610f4d914a10e71bdf46b) Importer(815301076,1909f56bfc062723c751e8b465ee728b)
Start importing Assets/Sprites/Cainos/Pixel Art Platformer - Village Props/Prefab/PF Village Props - Crate Large.prefab using Guid(78538c3cab4610f4d914a10e71bdf46b) Importer(815301076,1909f56bfc062723c751e8b465ee728b)  -> (artifact id: '194ffcd2db08da2c814371ddb8a12d1b') in 0.001043 seconds
Number of updated asset objects reloaded before import = 0
Number of asset objects unloaded after import = 7
========================================================================
Received Import Request.
  Time since last request: 0.000007 seconds.
  path: Assets/Sprites/Cainos/Pixel Art Platformer - Village Props/Prefab/PF Village Props - Grain Box.prefab
  artifactKey: Guid(945a24dea7767f846ad8007110a371f3) Importer(815301076,1909f56bfc062723c751e8b465ee728b)
Start importing Assets/Sprites/Cainos/Pixel Art Platformer - Village Props/Prefab/PF Village Props - Grain Box.prefab using Guid(945a24dea7767f846ad8007110a371f3) Importer(815301076,1909f56bfc062723c751e8b465ee728b)  -> (artifact id: 'b6a0d0b367d9813a8f7138f6963ff76d') in 0.000953 seconds
Number of updated asset objects reloaded before import = 0
Number of asset objects unloaded after import = 5
========================================================================
Received Import Request.
  Time since last request: 0.000007 seconds.
  path: Assets/Sprites/Cainos/Pixel Art Platformer - Village Props/Prefab/PF Village Props - Fire Bowl.prefab
  artifactKey: Guid(56e2a525e0fbd93419c9b313c362934d) Importer(815301076,1909f56bfc062723c751e8b465ee728b)
Start importing Assets/Sprites/Cainos/Pixel Art Platformer - Village Props/Prefab/PF Village Props - Fire Bowl.prefab using Guid(56e2a525e0fbd93419c9b313c362934d) Importer(815301076,1909f56bfc062723c751e8b465ee728b)  -> (artifact id: 'a63f01ceb8188a31112191388b391ad3') in 0.015209 seconds
Number of updated asset objects reloaded before import = 0
Number of asset objects unloaded after import = 22
========================================================================
Received Import Request.
  Time since last request: 0.000013 seconds.
  path: Assets/Sprites/Cainos/Pixel Art Platformer - Village Props/Prefab/PF Village Props - Gunny Bag 02.prefab
  artifactKey: Guid(25f9f2235afcaca429284c9aec8982df) Importer(815301076,1909f56bfc062723c751e8b465ee728b)
Start importing Assets/Sprites/Cainos/Pixel Art Platformer - Village Props/Prefab/PF Village Props - Gunny Bag 02.prefab using Guid(25f9f2235afcaca429284c9aec8982df) Importer(815301076,1909f56bfc062723c751e8b465ee728b)  -> (artifact id: 'a72ffb2c62ed2d3aafa3c2c7155e95d6') in 0.001257 seconds
Number of updated asset objects reloaded before import = 0
Number of asset objects unloaded after import = 5
========================================================================
Received Import Request.
  Time since last request: 0.000009 seconds.
  path: Assets/Sprites/Cainos/Pixel Art Platformer - Village Props/Prefab/PF Village Props - Obstacle Platform X24.prefab
  artifactKey: Guid(bad53070b28240b4282bc102e6922c83) Importer(815301076,1909f56bfc062723c751e8b465ee728b)
Start importing Assets/Sprites/Cainos/Pixel Art Platformer - Village Props/Prefab/PF Village Props - Obstacle Platform X24.prefab using Guid(bad53070b28240b4282bc102e6922c83) Importer(815301076,1909f56bfc062723c751e8b465ee728b)  -> (artifact id: '4d96c09dafb511abbbb543d7ff3229f9') in 0.001067 seconds
Number of updated asset objects reloaded before import = 0
Number of asset objects unloaded after import = 6
========================================================================
Received Import Request.
  Time since last request: 0.000008 seconds.
  path: Assets/Sprites/Cainos/Pixel Art Platformer - Village Props/Prefab/PF Village Props - Fence A.prefab
  artifactKey: Guid(8cc938fe21b426a4daedf2f6c7e34c80) Importer(815301076,1909f56bfc062723c751e8b465ee728b)
Start importing Assets/Sprites/Cainos/Pixel Art Platformer - Village Props/Prefab/PF Village Props - Fence A.prefab using Guid(8cc938fe21b426a4daedf2f6c7e34c80) Importer(815301076,1909f56bfc062723c751e8b465ee728b)  -> (artifact id: '985b49a9425cb3921f7d0496e184b4bf') in 0.001251 seconds
Number of updated asset objects reloaded before import = 0
Number of asset objects unloaded after import = 58
========================================================================
Received Import Request.
  Time since last request: 0.000008 seconds.
  path: Assets/Sprites/Cainos/Pixel Art Platformer - Village Props/Prefab/PF Village Props - Grass 06.prefab
  artifactKey: Guid(ed925410cd097664ea4b9e3e758f02a4) Importer(815301076,1909f56bfc062723c751e8b465ee728b)
Start importing Assets/Sprites/Cainos/Pixel Art Platformer - Village Props/Prefab/PF Village Props - Grass 06.prefab using Guid(ed925410cd097664ea4b9e3e758f02a4) Importer(815301076,1909f56bfc062723c751e8b465ee728b)  -> (artifact id: 'a750f2b58736cc8bcc14ad33498e0fac') in 0.001006 seconds
Number of updated asset objects reloaded before import = 0
Number of asset objects unloaded after import = 5
========================================================================
Received Import Request.
  Time since last request: 0.000007 seconds.
  path: Assets/Sprites/Cainos/Pixel Art Platformer - Village Props/Prefab/PF Village Props - Grass 07.prefab
  artifactKey: Guid(91aebb278b095f843a6d4213d7df47fd) Importer(815301076,1909f56bfc062723c751e8b465ee728b)
Start importing Assets/Sprites/Cainos/Pixel Art Platformer - Village Props/Prefab/PF Village Props - Grass 07.prefab using Guid(91aebb278b095f843a6d4213d7df47fd) Importer(815301076,1909f56bfc062723c751e8b465ee728b)  -> (artifact id: '9ffe1aa54692b25701e48a250dfc002e') in 0.000887 seconds
Number of updated asset objects reloaded before import = 0
Number of asset objects unloaded after import = 5
========================================================================
Received Import Request.
  Time since last request: 0.000007 seconds.
  path: Assets/Sprites/Cainos/Pixel Art Platformer - Village Props/Prefab/PF Village Props - Hammer.prefab
  artifactKey: Guid(e496de2bd698f6c409bd2a9bceda980e) Importer(815301076,1909f56bfc062723c751e8b465ee728b)
Start importing Assets/Sprites/Cainos/Pixel Art Platformer - Village Props/Prefab/PF Village Props - Hammer.prefab using Guid(e496de2bd698f6c409bd2a9bceda980e) Importer(815301076,1909f56bfc062723c751e8b465ee728b)  -> (artifact id: 'b0713f04065f4e118d29dadb0503b0e2') in 0.000898 seconds
Number of updated asset objects reloaded before import = 0
Number of asset objects unloaded after import = 5
========================================================================
Received Import Request.
  Time since last request: 0.000007 seconds.
  path: Assets/Sprites/Cainos/Pixel Art Platformer - Village Props/Prefab/PF Village Props - Grass 05.prefab
  artifactKey: Guid(72a905bcc22e3e443be6f48bfb173c00) Importer(815301076,1909f56bfc062723c751e8b465ee728b)
Start importing Assets/Sprites/Cainos/Pixel Art Platformer - Village Props/Prefab/PF Village Props - Grass 05.prefab using Guid(72a905bcc22e3e443be6f48bfb173c00) Importer(815301076,1909f56bfc062723c751e8b465ee728b)  -> (artifact id: '93037c56734c14a9e470a15ca3e6a5c1') in 0.000843 seconds
Number of updated asset objects reloaded before import = 0
Number of asset objects unloaded after import = 5
========================================================================
Received Import Request.
  Time since last request: 0.000007 seconds.
  path: Assets/Sprites/Cainos/Pixel Art Platformer - Village Props/Prefab/PF Village Props - Grass 01.prefab
  artifactKey: Guid(70e4f80265d902443a6249697d613d81) Importer(815301076,1909f56bfc062723c751e8b465ee728b)
Start importing Assets/Sprites/Cainos/Pixel Art Platformer - Village Props/Prefab/PF Village Props - Grass 01.prefab using Guid(70e4f80265d902443a6249697d613d81) Importer(815301076,1909f56bfc062723c751e8b465ee728b)  -> (artifact id: '3f5ffea643dd61a062a42251a1604297') in 0.000900 seconds
Number of updated asset objects reloaded before import = 0
Number of asset objects unloaded after import = 5
========================================================================
Received Import Request.
  Time since last request: 0.000007 seconds.
  path: Assets/Sprites/Cainos/Pixel Art Platformer - Village Props/Prefab/PF Village Props - Jump Platform 01.prefab
  artifactKey: Guid(65321bf0311c2eb48be353666f829ca1) Importer(815301076,1909f56bfc062723c751e8b465ee728b)
Start importing Assets/Sprites/Cainos/Pixel Art Platformer - Village Props/Prefab/PF Village Props - Jump Platform 01.prefab using Guid(65321bf0311c2eb48be353666f829ca1) Importer(815301076,1909f56bfc062723c751e8b465ee728b)  -> (artifact id: '0af17000075619d39af82bfc0c4ebc28') in 0.000909 seconds
Number of updated asset objects reloaded before import = 0
Number of asset objects unloaded after import = 6
========================================================================
Received Import Request.
  Time since last request: 0.000006 seconds.
  path: Assets/Sprites/Cainos/Pixel Art Platformer - Village Props/Prefab/PF Village Props - Gravestone 04.prefab
  artifactKey: Guid(5105ccaacad8d714b94dfb93084fa936) Importer(815301076,1909f56bfc062723c751e8b465ee728b)
Start importing Assets/Sprites/Cainos/Pixel Art Platformer - Village Props/Prefab/PF Village Props - Gravestone 04.prefab using Guid(5105ccaacad8d714b94dfb93084fa936) Importer(815301076,1909f56bfc062723c751e8b465ee728b)  -> (artifact id: '18123ba386141271eee067715f07f7ec') in 0.000851 seconds
Number of updated asset objects reloaded before import = 0
Number of asset objects unloaded after import = 5
========================================================================
Received Import Request.
  Time since last request: 0.000007 seconds.
  path: Assets/Sprites/Cainos/Pixel Art Platformer - Village Props/Prefab/PF Village Props - Obstacle Platform X40.prefab
  artifactKey: Guid(19c814d7a6d59b74686e74ddb900f806) Importer(815301076,1909f56bfc062723c751e8b465ee728b)
Start importing Assets/Sprites/Cainos/Pixel Art Platformer - Village Props/Prefab/PF Village Props - Obstacle Platform X40.prefab using Guid(19c814d7a6d59b74686e74ddb900f806) Importer(815301076,1909f56bfc062723c751e8b465ee728b)  -> (artifact id: 'e1406ee44c964292c6f80aac04ab53a8') in 0.000891 seconds
Number of updated asset objects reloaded before import = 0
Number of asset objects unloaded after import = 6
========================================================================
Received Import Request.
  Time since last request: 0.000007 seconds.
  path: Assets/Sprites/Cainos/Pixel Art Platformer - Village Props/Prefab/PF Village Props - Elevator.prefab
  artifactKey: Guid(4c6f7f680d35ecb45bd66603fd0f3516) Importer(815301076,1909f56bfc062723c751e8b465ee728b)
Start importing Assets/Sprites/Cainos/Pixel Art Platformer - Village Props/Prefab/PF Village Props - Elevator.prefab using Guid(4c6f7f680d35ecb45bd66603fd0f3516) Importer(815301076,1909f56bfc062723c751e8b465ee728b)  -> (artifact id: '7b752c5adba6792cabe25b2dc33cb90a') in 0.001466 seconds
Number of updated asset objects reloaded before import = 0
Number of asset objects unloaded after import = 24
========================================================================
Received Import Request.
  Time since last request: 0.000008 seconds.
  path: Assets/Sprites/Cainos/Pixel Art Platformer - Village Props/Prefab/PF Village Props - Bread 01.prefab
  artifactKey: Guid(5b863081ef08aeb42abb2f87baf72b1e) Importer(815301076,1909f56bfc062723c751e8b465ee728b)
Start importing Assets/Sprites/Cainos/Pixel Art Platformer - Village Props/Prefab/PF Village Props - Bread 01.prefab using Guid(5b863081ef08aeb42abb2f87baf72b1e) Importer(815301076,1909f56bfc062723c751e8b465ee728b)  -> (artifact id: 'd99831dfe8a16021eafcf0ce0a9a8179') in 0.001070 seconds
Number of updated asset objects reloaded before import = 0
Number of asset objects unloaded after import = 5
========================================================================
Received Import Request.
  Time since last request: 0.000009 seconds.
  path: Assets/Sprites/Cainos/Pixel Art Platformer - Village Props/Prefab/PF Village Props - Barricade.prefab
  artifactKey: Guid(e0868e2099f22704cb8f4781f4dffe5f) Importer(815301076,1909f56bfc062723c751e8b465ee728b)
Start importing Assets/Sprites/Cainos/Pixel Art Platformer - Village Props/Prefab/PF Village Props - Barricade.prefab using Guid(e0868e2099f22704cb8f4781f4dffe5f) Importer(815301076,1909f56bfc062723c751e8b465ee728b)  -> (artifact id: '3b1076368f93593ce32626f33c56d836') in 0.001348 seconds
Number of updated asset objects reloaded before import = 0
Number of asset objects unloaded after import = 5
========================================================================
Received Import Request.
  Time since last request: 0.000007 seconds.
  path: Assets/Sprites/Cainos/Pixel Art Platformer - Village Props/Prefab/PF Village Props - Grass 09.prefab
  artifactKey: Guid(0cadafc44435d2649b8aa171d49f61d6) Importer(815301076,1909f56bfc062723c751e8b465ee728b)
Start importing Assets/Sprites/Cainos/Pixel Art Platformer - Village Props/Prefab/PF Village Props - Grass 09.prefab using Guid(0cadafc44435d2649b8aa171d49f61d6) Importer(815301076,1909f56bfc062723c751e8b465ee728b)  -> (artifact id: '0df184728cb012efe344eb463ffe0611') in 0.000978 seconds
Number of updated asset objects reloaded before import = 0
Number of asset objects unloaded after import = 5
========================================================================
Received Import Request.
  Time since last request: 0.000009 seconds.
  path: Assets/Sprites/Cainos/Pixel Art Platformer - Village Props/Prefab/PF Village Props - Cauldron.prefab
  artifactKey: Guid(838a9c74e6cba734faec44d9be3b765e) Importer(815301076,1909f56bfc062723c751e8b465ee728b)
Start importing Assets/Sprites/Cainos/Pixel Art Platformer - Village Props/Prefab/PF Village Props - Cauldron.prefab using Guid(838a9c74e6cba734faec44d9be3b765e) Importer(815301076,1909f56bfc062723c751e8b465ee728b)  -> (artifact id: '5c5e6cbb299aa494589fdb658ad273af') in 0.001024 seconds
Number of updated asset objects reloaded before import = 0
Number of asset objects unloaded after import = 5
========================================================================
Received Import Request.
  Time since last request: 0.000008 seconds.
  path: Assets/Sprites/Cainos/Pixel Art Platformer - Village Props/Prefab/PF Village Props - Ladder 01 Side L.prefab
  artifactKey: Guid(3373af298f123a849a61f9aefe9ec4c4) Importer(815301076,1909f56bfc062723c751e8b465ee728b)
Start importing Assets/Sprites/Cainos/Pixel Art Platformer - Village Props/Prefab/PF Village Props - Ladder 01 Side L.prefab using Guid(3373af298f123a849a61f9aefe9ec4c4) Importer(815301076,1909f56bfc062723c751e8b465ee728b)  -> (artifact id: '229ae4b9d06387842d39d2c037593f58') in 0.000963 seconds
Number of updated asset objects reloaded before import = 0
Number of asset objects unloaded after import = 16
========================================================================
Received Import Request.
  Time since last request: 0.000007 seconds.
  path: Assets/Sprites/Cainos/Pixel Art Platformer - Village Props/Prefab/PF Village Props - Brick Wall 01.prefab
  artifactKey: Guid(d4071901789ed384389951219d1e0315) Importer(815301076,1909f56bfc062723c751e8b465ee728b)
Start importing Assets/Sprites/Cainos/Pixel Art Platformer - Village Props/Prefab/PF Village Props - Brick Wall 01.prefab using Guid(d4071901789ed384389951219d1e0315) Importer(815301076,1909f56bfc062723c751e8b465ee728b)  -> (artifact id: '5ec3816ff92d259934d6b5c940262c79') in 0.000852 seconds
Number of updated asset objects reloaded before import = 0
Number of asset objects unloaded after import = 5
========================================================================
Received Prepare
Begin MonoManager ReloadAssembly
- Loaded All Assemblies, in  0.290 seconds
Refreshing native plugins compatible for Editor in 2.32 ms, found 9 plugins.
Native extension for WindowsStandalone target not found
Mono: successfully reloaded assembly
- Finished resetting the current domain, in  0.647 seconds
Domain Reload Profiling: 937ms
	BeginReloadAssembly (102ms)
		ExecutionOrderSort (0ms)
		DisableScriptedObjects (6ms)
		BackupInstance (0ms)
		ReleaseScriptingObjects (0ms)
		CreateAndSetChildDomain (24ms)
	RebuildCommonClasses (19ms)
	RebuildNativeTypeToScriptingClass (6ms)
	initialDomainReloadingComplete (18ms)
	LoadAllAssembliesAndSetupDomain (144ms)
		LoadAssemblies (169ms)
		RebuildTransferFunctionScriptingTraits (0ms)
		AnalyzeDomain (23ms)
			TypeCache.Refresh (7ms)
				TypeCache.ScanAssembly (1ms)
			ScanForSourceGeneratedMonoScriptInfo (7ms)
			ResolveRequiredComponents (7ms)
	FinalizeReload (647ms)
		ReleaseScriptCaches (0ms)
		RebuildScriptCaches (0ms)
		SetupLoadedEditorAssemblies (396ms)
			LogAssemblyErrors (0ms)
			InitializePlatformSupportModulesInManaged (3ms)
			SetLoadedEditorAssemblies (3ms)
			RefreshPlugins (0ms)
			BeforeProcessingInitializeOnLoad (45ms)
			ProcessInitializeOnLoadAttributes (310ms)
			ProcessInitializeOnLoadMethodAttributes (32ms)
			AfterProcessingInitializeOnLoad (3ms)
			EditorAssembliesLoaded (0ms)
		ExecutionOrderSort2 (0ms)
		AwakeInstancesAfterBackupRestoration (7ms)
Refreshing native plugins compatible for Editor in 3.27 ms, found 9 plugins.
Preloading 0 native plugins for Editor in 0.00 ms.
Unloading 4988 Unused Serialized files (Serialized files now loaded: 0)
Unloading 59 unused Assets / (0.9 MB). Loaded Objects now: 5505.
Memory consumption went from 172.6 MB to 171.7 MB.
Total: 4.862400 ms (FindLiveObjects: 0.368000 ms CreateObjectMapping: 0.135700 ms MarkObjects: 4.034400 ms  DeleteObjects: 0.323500 ms)

Prepare: number of updated asset objects reloaded= 0
AssetImportParameters requested are different than current active one (requested -> active):
  custom:container-demuxer-ogg: 62fdf1f143b41e24485cea50d1cbac27 -> 
  custom:video-codec-MediaFoundation-h265: 746d11721c4dcdbdad8f713fa42b33f4 -> 
  custom:video-decoder-ogg-theora: a1e56fd34408186e4bbccfd4996cb3dc -> 
  custom:framework-win-MediaFoundation: 216162199b28c13a410421893ffa2e32 -> 
  custom:CustomObjectIndexerAttribute: 9a22284fe3817be447336de3de66b15e -> 
  custom:container-demuxer-webm: 4f35f7cbe854078d1ac9338744f61a02 -> 
  custom:container-muxer-webm: aa71ff27fc2769a1b78a27578f13a17b -> 
  custom:video-decoder-webm-vp8: 9c59270c3fd7afecdb556c50c9e8de78 -> 
  custom:SearchIndexIgnoredProperties: e643bd26f0fe6173181afceb89e7c659 -> 
  custom:AudioImporter_EditorPlatform: d09bf68614088b80899f8185d706f6e7 -> 
  custom:video-encoder-webm-vp8: eb34c28f22e8b96e1ab97ce403110664 -> 
  custom:audio-decoder-ogg-vorbis: bf7c407c2cedff20999df2af8eb42d56 -> 
  custom:audio-encoder-webm-vorbis: bf7c407c2cedff20999df2af8eb42d56 -> 
========================================================================
Received Import Request.
  Time since last request: 169.002970 seconds.
  path: Assets/Sprites/Cainos/Pixel Art Platformer - Village Props/Prefab/PF Village Props - Apple 01.prefab
  artifactKey: Guid(d732c433f052247478d37fac6cedfe30) Importer(815301076,1909f56bfc062723c751e8b465ee728b)
Start importing Assets/Sprites/Cainos/Pixel Art Platformer - Village Props/Prefab/PF Village Props - Apple 01.prefab using Guid(d732c433f052247478d37fac6cedfe30) Importer(815301076,1909f56bfc062723c751e8b465ee728b)  -> (artifact id: '9d6eedb6fdd7a7996912df749708c8fc') in 0.064135 seconds
Number of updated asset objects reloaded before import = 0
Number of asset objects unloaded after import = 10
========================================================================
Received Import Request.
  Time since last request: 0.000019 seconds.
  path: Assets/Sprites/Cainos/Pixel Art Platformer - Village Props/Prefab/PF Village Props - Obstacle Platform X16.prefab
  artifactKey: Guid(419378b134eda754c9a1e3bbae048765) Importer(815301076,1909f56bfc062723c751e8b465ee728b)
Start importing Assets/Sprites/Cainos/Pixel Art Platformer - Village Props/Prefab/PF Village Props - Obstacle Platform X16.prefab using Guid(419378b134eda754c9a1e3bbae048765) Importer(815301076,1909f56bfc062723c751e8b465ee728b)  -> (artifact id: 'a39e78b4b13d52894b2c293ae92001f3') in 0.013129 seconds
Number of updated asset objects reloaded before import = 0
Number of asset objects unloaded after import = 9
========================================================================
Received Import Request.
  Time since last request: 0.000008 seconds.
  path: Assets/Sprites/Cainos/Pixel Art Platformer - Village Props/Prefab/PF Village Props - Gravestone 03.prefab
  artifactKey: Guid(d6770ea3eabbc694a9bad4112d5af65b) Importer(815301076,1909f56bfc062723c751e8b465ee728b)
Start importing Assets/Sprites/Cainos/Pixel Art Platformer - Village Props/Prefab/PF Village Props - Gravestone 03.prefab using Guid(d6770ea3eabbc694a9bad4112d5af65b) Importer(815301076,1909f56bfc062723c751e8b465ee728b)  -> (artifact id: 'a85417c8be2eac0e922d32bb4072cd7a') in 0.015242 seconds
Number of updated asset objects reloaded before import = 0
Number of asset objects unloaded after import = 8
========================================================================
Received Import Request.
  Time since last request: 0.000011 seconds.
  path: Assets/Sprites/Cainos/Pixel Art Platformer - Village Props/Prefab/PF Village Props - Platform 01 L X1.prefab
  artifactKey: Guid(35ff5f2cc18840a4ca4ecf97ed2779c2) Importer(815301076,1909f56bfc062723c751e8b465ee728b)
Start importing Assets/Sprites/Cainos/Pixel Art Platformer - Village Props/Prefab/PF Village Props - Platform 01 L X1.prefab using Guid(35ff5f2cc18840a4ca4ecf97ed2779c2) Importer(815301076,1909f56bfc062723c751e8b465ee728b)  -> (artifact id: '5609563ebc9207e063d5aaf69074a7b6') in 0.014809 seconds
Number of updated asset objects reloaded before import = 0
Number of asset objects unloaded after import = 10
========================================================================
Received Import Request.
  Time since last request: 0.000010 seconds.
  path: Assets/Sprites/Cainos/Pixel Art Platformer - Village Props/Prefab/PF Village Props - Bounding Platform 01.prefab
  artifactKey: Guid(64ad26f35d95fc84997ad93db1292861) Importer(815301076,1909f56bfc062723c751e8b465ee728b)
Start importing Assets/Sprites/Cainos/Pixel Art Platformer - Village Props/Prefab/PF Village Props - Bounding Platform 01.prefab using Guid(64ad26f35d95fc84997ad93db1292861) Importer(815301076,1909f56bfc062723c751e8b465ee728b)  -> (artifact id: '5b54ad3b063197eec422de48218ab790') in 0.016682 seconds
Number of updated asset objects reloaded before import = 0
Number of asset objects unloaded after import = 20
========================================================================
Received Import Request.
  Time since last request: 0.000010 seconds.
  path: Assets/Sprites/Cainos/Pixel Art Platformer - Village Props/Prefab/PF Village Props - Log Bench.prefab
  artifactKey: Guid(28ae4e85426a2f54a98737a016d4cbc2) Importer(815301076,1909f56bfc062723c751e8b465ee728b)
Start importing Assets/Sprites/Cainos/Pixel Art Platformer - Village Props/Prefab/PF Village Props - Log Bench.prefab using Guid(28ae4e85426a2f54a98737a016d4cbc2) Importer(815301076,1909f56bfc062723c751e8b465ee728b)  -> (artifact id: '830fecdbe08b49f7501e03c098752243') in 0.021723 seconds
Number of updated asset objects reloaded before import = 0
Number of asset objects unloaded after import = 8
========================================================================
Received Import Request.
  Time since last request: 0.000011 seconds.
  path: Assets/Sprites/Cainos/Pixel Art Platformer - Village Props/Prefab/PF Village Props - Obstacle Platform X24.prefab
  artifactKey: Guid(bad53070b28240b4282bc102e6922c83) Importer(815301076,1909f56bfc062723c751e8b465ee728b)
Start importing Assets/Sprites/Cainos/Pixel Art Platformer - Village Props/Prefab/PF Village Props - Obstacle Platform X24.prefab using Guid(bad53070b28240b4282bc102e6922c83) Importer(815301076,1909f56bfc062723c751e8b465ee728b)  -> (artifact id: '142907618a148ca9d9919c438094bd4f') in 0.011400 seconds
Number of updated asset objects reloaded before import = 0
Number of asset objects unloaded after import = 9
========================================================================
Received Import Request.
  Time since last request: 0.000010 seconds.
  path: Assets/Sprites/Cainos/Pixel Art Platformer - Village Props/Prefab/PF Village Props - Chest Silver.prefab
  artifactKey: Guid(7f2681b23c23afc4fbb43c6dca9f41f9) Importer(815301076,1909f56bfc062723c751e8b465ee728b)
Start importing Assets/Sprites/Cainos/Pixel Art Platformer - Village Props/Prefab/PF Village Props - Chest Silver.prefab using Guid(7f2681b23c23afc4fbb43c6dca9f41f9) Importer(815301076,1909f56bfc062723c751e8b465ee728b)  -> (artifact id: '46dad07caf18e63d47779e2f7ee1d797') in 0.018460 seconds
Number of updated asset objects reloaded before import = 0
Number of asset objects unloaded after import = 34
========================================================================
Received Import Request.
  Time since last request: 0.000012 seconds.
  path: Assets/Sprites/Cainos/Pixel Art Platformer - Village Props/Prefab/PF Village Props - Fence A.prefab
  artifactKey: Guid(8cc938fe21b426a4daedf2f6c7e34c80) Importer(815301076,1909f56bfc062723c751e8b465ee728b)
Start importing Assets/Sprites/Cainos/Pixel Art Platformer - Village Props/Prefab/PF Village Props - Fence A.prefab using Guid(8cc938fe21b426a4daedf2f6c7e34c80) Importer(815301076,1909f56bfc062723c751e8b465ee728b)  -> (artifact id: 'ef1b6dc83ddcac16464650a5928c0b14') in 0.013111 seconds
Number of updated asset objects reloaded before import = 0
Number of asset objects unloaded after import = 67
========================================================================
Received Import Request.
  Time since last request: 0.000018 seconds.
  path: Assets/Sprites/Cainos/Pixel Art Platformer - Village Props/Prefab/PF Village Props - Basket.prefab
  artifactKey: Guid(33765db783031c64eb242d22002b9a55) Importer(815301076,1909f56bfc062723c751e8b465ee728b)
Start importing Assets/Sprites/Cainos/Pixel Art Platformer - Village Props/Prefab/PF Village Props - Basket.prefab using Guid(33765db783031c64eb242d22002b9a55) Importer(815301076,1909f56bfc062723c751e8b465ee728b)  -> (artifact id: '2852fc424b855fc663473a16a1506e63') in 0.017084 seconds
Number of updated asset objects reloaded before import = 0
Number of asset objects unloaded after import = 8
========================================================================
Received Import Request.
  Time since last request: 0.000010 seconds.
  path: Assets/Sprites/Cainos/Pixel Art Platformer - Village Props/Prefab/PF Village Props - Billboard.prefab
  artifactKey: Guid(6ecf5bcec20adfa429a788f660f29ff5) Importer(815301076,1909f56bfc062723c751e8b465ee728b)
Start importing Assets/Sprites/Cainos/Pixel Art Platformer - Village Props/Prefab/PF Village Props - Billboard.prefab using Guid(6ecf5bcec20adfa429a788f660f29ff5) Importer(815301076,1909f56bfc062723c751e8b465ee728b)  -> (artifact id: '98e769b239167f5366000b4a517a7b5d') in 0.013016 seconds
Number of updated asset objects reloaded before import = 0
Number of asset objects unloaded after import = 26
========================================================================
Received Import Request.
  Time since last request: 0.000010 seconds.
  path: Assets/Sprites/Cainos/Pixel Art Platformer - Village Props/Prefab/PF Village Props - Platform 01 R X2.prefab
  artifactKey: Guid(948a335f2eab4d944a21f7654ca9e467) Importer(815301076,1909f56bfc062723c751e8b465ee728b)
Start importing Assets/Sprites/Cainos/Pixel Art Platformer - Village Props/Prefab/PF Village Props - Platform 01 R X2.prefab using Guid(948a335f2eab4d944a21f7654ca9e467) Importer(815301076,1909f56bfc062723c751e8b465ee728b)  -> (artifact id: 'f826c7258d0237996dd0171d0dc52af0') in 0.019762 seconds
Number of updated asset objects reloaded before import = 0
Number of asset objects unloaded after import = 16
========================================================================
Received Import Request.
  Time since last request: 0.000012 seconds.
  path: Assets/Sprites/Cainos/Pixel Art Platformer - Village Props/Prefab/PF Village Props - Ladder 01.prefab
  artifactKey: Guid(f41211a6e39d8ab42a846d7622cabd05) Importer(815301076,1909f56bfc062723c751e8b465ee728b)
Start importing Assets/Sprites/Cainos/Pixel Art Platformer - Village Props/Prefab/PF Village Props - Ladder 01.prefab using Guid(f41211a6e39d8ab42a846d7622cabd05) Importer(815301076,1909f56bfc062723c751e8b465ee728b)  -> (artifact id: '0be5bd4ff2023850831b97a864f40bf0') in 0.005787 seconds
Number of updated asset objects reloaded before import = 0
Number of asset objects unloaded after import = 17
========================================================================
Received Import Request.
  Time since last request: 0.000011 seconds.
  path: Assets/Sprites/Cainos/Pixel Art Platformer - Village Props/Prefab/PF Village Props - Grass 02.prefab
  artifactKey: Guid(b51901e6748833e4695e0c1db509dcd4) Importer(815301076,1909f56bfc062723c751e8b465ee728b)
Start importing Assets/Sprites/Cainos/Pixel Art Platformer - Village Props/Prefab/PF Village Props - Grass 02.prefab using Guid(b51901e6748833e4695e0c1db509dcd4) Importer(815301076,1909f56bfc062723c751e8b465ee728b)  -> (artifact id: 'b74ac895dda18853fffa3460531ffd3b') in 0.005557 seconds
Number of updated asset objects reloaded before import = 0
Number of asset objects unloaded after import = 8
========================================================================
Received Import Request.
  Time since last request: 0.000012 seconds.
  path: Assets/Sprites/Cainos/Pixel Art Platformer - Village Props/Prefab/PF Village Props - Hay Pile.prefab
  artifactKey: Guid(337bf7fb32e777b41a8411ca5d35e56f) Importer(815301076,1909f56bfc062723c751e8b465ee728b)
Start importing Assets/Sprites/Cainos/Pixel Art Platformer - Village Props/Prefab/PF Village Props - Hay Pile.prefab using Guid(337bf7fb32e777b41a8411ca5d35e56f) Importer(815301076,1909f56bfc062723c751e8b465ee728b)  -> (artifact id: '9f0288ba77153f6d13e02e3e06db6ba0') in 0.006162 seconds
Number of updated asset objects reloaded before import = 0
Number of asset objects unloaded after import = 8
========================================================================
Received Import Request.
  Time since last request: 0.000009 seconds.
  path: Assets/Sprites/Cainos/Pixel Art Platformer - Village Props/Prefab/PF Village Props - Platform 02 X3.prefab
  artifactKey: Guid(8f0b414806fcbda47b9f242883104bb5) Importer(815301076,1909f56bfc062723c751e8b465ee728b)
Start importing Assets/Sprites/Cainos/Pixel Art Platformer - Village Props/Prefab/PF Village Props - Platform 02 X3.prefab using Guid(8f0b414806fcbda47b9f242883104bb5) Importer(815301076,1909f56bfc062723c751e8b465ee728b)  -> (artifact id: '44af4c471ee2d182a87a74c6a1d57244') in 0.004899 seconds
Number of updated asset objects reloaded before import = 0
Number of asset objects unloaded after import = 20
========================================================================
Received Import Request.
  Time since last request: 0.000009 seconds.
  path: Assets/Sprites/Cainos/Pixel Art Platformer - Village Props/Prefab/PF Village Props - Gravestone 01.prefab
  artifactKey: Guid(050d9e84d8de61d41ac16ebab39e64a2) Importer(815301076,1909f56bfc062723c751e8b465ee728b)
Start importing Assets/Sprites/Cainos/Pixel Art Platformer - Village Props/Prefab/PF Village Props - Gravestone 01.prefab using Guid(050d9e84d8de61d41ac16ebab39e64a2) Importer(815301076,1909f56bfc062723c751e8b465ee728b)  -> (artifact id: '1d1cd4751acb73ed498ffb7c671e99f8') in 0.007930 seconds
Number of updated asset objects reloaded before import = 0
Number of asset objects unloaded after import = 8
========================================================================
Received Import Request.
  Time since last request: 0.000010 seconds.
  path: Assets/Sprites/Cainos/Pixel Art Platformer - Village Props/Prefab/PF Village Props - Gunny Bag 01.prefab
  artifactKey: Guid(c223d1574bec3184c97d31eaf1406178) Importer(815301076,1909f56bfc062723c751e8b465ee728b)
Start importing Assets/Sprites/Cainos/Pixel Art Platformer - Village Props/Prefab/PF Village Props - Gunny Bag 01.prefab using Guid(c223d1574bec3184c97d31eaf1406178) Importer(815301076,1909f56bfc062723c751e8b465ee728b)  -> (artifact id: '36417cae4105a5eb4fac87fbfc0f8a7b') in 0.005492 seconds
Number of updated asset objects reloaded before import = 0
Number of asset objects unloaded after import = 8
========================================================================
Received Import Request.
  Time since last request: 0.000012 seconds.
  path: Assets/Sprites/Cainos/Pixel Art Platformer - Village Props/Prefab/PF Village Props - Cup.prefab
  artifactKey: Guid(4d8ad400922c4a343911784077c26568) Importer(815301076,1909f56bfc062723c751e8b465ee728b)
Start importing Assets/Sprites/Cainos/Pixel Art Platformer - Village Props/Prefab/PF Village Props - Cup.prefab using Guid(4d8ad400922c4a343911784077c26568) Importer(815301076,1909f56bfc062723c751e8b465ee728b)  -> (artifact id: '3e5e44f42a6b83632273b36b62302aeb') in 0.005150 seconds
Number of updated asset objects reloaded before import = 0
Number of asset objects unloaded after import = 10
========================================================================
Received Import Request.
  Time since last request: 0.000009 seconds.
  path: Assets/Sprites/Cainos/Pixel Art Platformer - Village Props/Prefab/PF Village Props - Platform 01 R X1.prefab
  artifactKey: Guid(faa8413b1d9e4cd48ab117de84514e7c) Importer(815301076,1909f56bfc062723c751e8b465ee728b)
Start importing Assets/Sprites/Cainos/Pixel Art Platformer - Village Props/Prefab/PF Village Props - Platform 01 R X1.prefab using Guid(faa8413b1d9e4cd48ab117de84514e7c) Importer(815301076,1909f56bfc062723c751e8b465ee728b)  -> (artifact id: '77a1f0f7854cd1c4237a78305a8453d8') in 0.004860 seconds
Number of updated asset objects reloaded before import = 0
Number of asset objects unloaded after import = 10
========================================================================
Received Import Request.
  Time since last request: 0.000009 seconds.
  path: Assets/Sprites/Cainos/Pixel Art Platformer - Village Props/Prefab/PF Village Props - Clother Hanger.prefab
  artifactKey: Guid(cbdefb422455c2a4aab364028b4b5e10) Importer(815301076,1909f56bfc062723c751e8b465ee728b)
Start importing Assets/Sprites/Cainos/Pixel Art Platformer - Village Props/Prefab/PF Village Props - Clother Hanger.prefab using Guid(cbdefb422455c2a4aab364028b4b5e10) Importer(815301076,1909f56bfc062723c751e8b465ee728b)  -> (artifact id: '780e159b071ec25f025288417bfe328c') in 0.005715 seconds
Number of updated asset objects reloaded before import = 0
Number of asset objects unloaded after import = 71
========================================================================
Received Import Request.
  Time since last request: 0.000010 seconds.
  path: Assets/Sprites/Cainos/Pixel Art Platformer - Village Props/Prefab/PF Village Props - Arrow.prefab
  artifactKey: Guid(27277137d0605bd45bd741cdb791e0c1) Importer(815301076,1909f56bfc062723c751e8b465ee728b)
Start importing Assets/Sprites/Cainos/Pixel Art Platformer - Village Props/Prefab/PF Village Props - Arrow.prefab using Guid(27277137d0605bd45bd741cdb791e0c1) Importer(815301076,1909f56bfc062723c751e8b465ee728b)  -> (artifact id: '0bf6cbe61909726536d576ddc70e94d3') in 0.004786 seconds
Number of updated asset objects reloaded before import = 0
Number of asset objects unloaded after import = 8
========================================================================
Received Import Request.
  Time since last request: 0.000010 seconds.
  path: Assets/Sprites/Cainos/Pixel Art Platformer - Village Props/Prefab/PF Village Props - Chest Iron.prefab
  artifactKey: Guid(5abf20f0457997348bd80242fe916388) Importer(815301076,1909f56bfc062723c751e8b465ee728b)
Start importing Assets/Sprites/Cainos/Pixel Art Platformer - Village Props/Prefab/PF Village Props - Chest Iron.prefab using Guid(5abf20f0457997348bd80242fe916388) Importer(815301076,1909f56bfc062723c751e8b465ee728b)  -> (artifact id: '95408112c41157aee32e8c49b4b1498e') in 0.008037 seconds
Number of updated asset objects reloaded before import = 0
Number of asset objects unloaded after import = 34
========================================================================
Received Import Request.
  Time since last request: 0.000011 seconds.
  path: Assets/Sprites/Cainos/Pixel Art Platformer - Village Props/Prefab/PF Village Props - Obstacle Platform X40.prefab
  artifactKey: Guid(19c814d7a6d59b74686e74ddb900f806) Importer(815301076,1909f56bfc062723c751e8b465ee728b)
Start importing Assets/Sprites/Cainos/Pixel Art Platformer - Village Props/Prefab/PF Village Props - Obstacle Platform X40.prefab using Guid(19c814d7a6d59b74686e74ddb900f806) Importer(815301076,1909f56bfc062723c751e8b465ee728b)  -> (artifact id: 'dfe8472d70efc1debd925721104c7cab') in 0.004792 seconds
Number of updated asset objects reloaded before import = 0
Number of asset objects unloaded after import = 9
========================================================================
Received Import Request.
  Time since last request: 0.000012 seconds.
  path: Assets/Sprites/Cainos/Pixel Art Platformer - Village Props/Prefab/PF Village Props - Ladder 02.prefab
  artifactKey: Guid(7b51376ff9aae694dbc3f515f5737d84) Importer(815301076,1909f56bfc062723c751e8b465ee728b)
Start importing Assets/Sprites/Cainos/Pixel Art Platformer - Village Props/Prefab/PF Village Props - Ladder 02.prefab using Guid(7b51376ff9aae694dbc3f515f5737d84) Importer(815301076,1909f56bfc062723c751e8b465ee728b)  -> (artifact id: '859dfafe367cd8429cf2383fab8c5150') in 0.004640 seconds
Number of updated asset objects reloaded before import = 0
Number of asset objects unloaded after import = 28
========================================================================
Received Import Request.
  Time since last request: 0.000009 seconds.
  path: Assets/Sprites/Cainos/Pixel Art Platformer - Village Props/Prefab/PF Village Props - Chest Wooden.prefab
  artifactKey: Guid(f98d0f39fcc67a34f844abd8a50f2c03) Importer(815301076,1909f56bfc062723c751e8b465ee728b)
Start importing Assets/Sprites/Cainos/Pixel Art Platformer - Village Props/Prefab/PF Village Props - Chest Wooden.prefab using Guid(f98d0f39fcc67a34f844abd8a50f2c03) Importer(815301076,1909f56bfc062723c751e8b465ee728b)  -> (artifact id: '9686d205875e02a817a5b1836f14a767') in 0.005415 seconds
Number of updated asset objects reloaded before import = 0
Number of asset objects unloaded after import = 32
========================================================================
Received Import Request.
  Time since last request: 0.000009 seconds.
  path: Assets/Sprites/Cainos/Pixel Art Platformer - Village Props/Prefab/PF Village Props - Bush 03.prefab
  artifactKey: Guid(de570bfbf1a49ba4c9575930f7db6bae) Importer(815301076,1909f56bfc062723c751e8b465ee728b)
Start importing Assets/Sprites/Cainos/Pixel Art Platformer - Village Props/Prefab/PF Village Props - Bush 03.prefab using Guid(de570bfbf1a49ba4c9575930f7db6bae) Importer(815301076,1909f56bfc062723c751e8b465ee728b)  -> (artifact id: 'f980ca2ed4b314a5c7268cfd41cc1e2d') in 0.005936 seconds
Number of updated asset objects reloaded before import = 0
Number of asset objects unloaded after import = 8
========================================================================
Received Import Request.
  Time since last request: 0.000011 seconds.
  path: Assets/Sprites/Cainos/Pixel Art Platformer - Village Props/Prefab/PF Village Props - Obstacle Platform Large 02.prefab
  artifactKey: Guid(5a4d983acd5452743930759213bf8190) Importer(815301076,1909f56bfc062723c751e8b465ee728b)
Start importing Assets/Sprites/Cainos/Pixel Art Platformer - Village Props/Prefab/PF Village Props - Obstacle Platform Large 02.prefab using Guid(5a4d983acd5452743930759213bf8190) Importer(815301076,1909f56bfc062723c751e8b465ee728b)  -> (artifact id: 'c34d79d85b7b6578662fbc98af524129') in 0.005380 seconds
Number of updated asset objects reloaded before import = 0
Number of asset objects unloaded after import = 9
========================================================================
Received Import Request.
  Time since last request: 0.000010 seconds.
  path: Assets/Sprites/Cainos/Pixel Art Platformer - Village Props/Prefab/PF Village Props - Barricade.prefab
  artifactKey: Guid(e0868e2099f22704cb8f4781f4dffe5f) Importer(815301076,1909f56bfc062723c751e8b465ee728b)
Start importing Assets/Sprites/Cainos/Pixel Art Platformer - Village Props/Prefab/PF Village Props - Barricade.prefab using Guid(e0868e2099f22704cb8f4781f4dffe5f) Importer(815301076,1909f56bfc062723c751e8b465ee728b)  -> (artifact id: '0aef5c1f457ca04fb3885be1995503b8') in 0.005619 seconds
Number of updated asset objects reloaded before import = 0
Number of asset objects unloaded after import = 8
========================================================================
Received Import Request.
  Time since last request: 0.000013 seconds.
  path: Assets/Sprites/Cainos/Pixel Art Platformer - Village Props/Prefab/PF Village Props - Fence B.prefab
  artifactKey: Guid(366bd147d3b568843ab9463d10b7fb98) Importer(815301076,1909f56bfc062723c751e8b465ee728b)
Start importing Assets/Sprites/Cainos/Pixel Art Platformer - Village Props/Prefab/PF Village Props - Fence B.prefab using Guid(366bd147d3b568843ab9463d10b7fb98) Importer(815301076,1909f56bfc062723c751e8b465ee728b)  -> (artifact id: '3853a47f72912005554fbcbf3153511f') in 0.005732 seconds
Number of updated asset objects reloaded before import = 0
Number of asset objects unloaded after import = 35
========================================================================
Received Import Request.
  Time since last request: 0.000010 seconds.
  path: Assets/Sprites/Cainos/Pixel Art Platformer - Village Props/Prefab/PF Village Props - Flower 02.prefab
  artifactKey: Guid(2c844ecc42c736944ac3d66f130ed6aa) Importer(815301076,1909f56bfc062723c751e8b465ee728b)
Start importing Assets/Sprites/Cainos/Pixel Art Platformer - Village Props/Prefab/PF Village Props - Flower 02.prefab using Guid(2c844ecc42c736944ac3d66f130ed6aa) Importer(815301076,1909f56bfc062723c751e8b465ee728b)  -> (artifact id: '06b11f4ce2fa00f7e677fa542b8163c0') in 0.005038 seconds
Number of updated asset objects reloaded before import = 0
Number of asset objects unloaded after import = 8
========================================================================
Received Import Request.
  Time since last request: 0.000010 seconds.
  path: Assets/Sprites/Cainos/Pixel Art Platformer - Village Props/Prefab/PF Village Props - Cauldron.prefab
  artifactKey: Guid(838a9c74e6cba734faec44d9be3b765e) Importer(815301076,1909f56bfc062723c751e8b465ee728b)
Start importing Assets/Sprites/Cainos/Pixel Art Platformer - Village Props/Prefab/PF Village Props - Cauldron.prefab using Guid(838a9c74e6cba734faec44d9be3b765e) Importer(815301076,1909f56bfc062723c751e8b465ee728b)  -> (artifact id: '461e18a22807ec2380151aaffef03e84') in 0.005604 seconds
Number of updated asset objects reloaded before import = 0
Number of asset objects unloaded after import = 8
========================================================================
Received Import Request.
  Time since last request: 0.000013 seconds.
  path: Assets/Sprites/Cainos/Pixel Art Platformer - Village Props/Prefab/PF Village Props - Chair.prefab
  artifactKey: Guid(bb67ae3035abce24aa87122c96acac22) Importer(815301076,1909f56bfc062723c751e8b465ee728b)
Start importing Assets/Sprites/Cainos/Pixel Art Platformer - Village Props/Prefab/PF Village Props - Chair.prefab using Guid(bb67ae3035abce24aa87122c96acac22) Importer(815301076,1909f56bfc062723c751e8b465ee728b)  -> (artifact id: '4891c7a8c28cc0bf07fbb384cb1accaa') in 0.004915 seconds
Number of updated asset objects reloaded before import = 0
Number of asset objects unloaded after import = 10
========================================================================
Received Import Request.
  Time since last request: 0.000010 seconds.
  path: Assets/Sprites/Cainos/Pixel Art Platformer - Village Props/Prefab/PF Village Props - Obstacle Platform X32.prefab
  artifactKey: Guid(73a65c758e42a1345bc8efd2d3625ad6) Importer(815301076,1909f56bfc062723c751e8b465ee728b)
Start importing Assets/Sprites/Cainos/Pixel Art Platformer - Village Props/Prefab/PF Village Props - Obstacle Platform X32.prefab using Guid(73a65c758e42a1345bc8efd2d3625ad6) Importer(815301076,1909f56bfc062723c751e8b465ee728b)  -> (artifact id: '33f6b6681312bb30c3c85ae98f95536d') in 0.005454 seconds
Number of updated asset objects reloaded before import = 0
Number of asset objects unloaded after import = 9
========================================================================
Received Import Request.
  Time since last request: 9.921096 seconds.
  path: Assets/Sprites/Cainos/Pixel Art Platformer - Village Props/Prefab/PF Village Props - Pot 01.prefab
  artifactKey: Guid(78c0f168d9274124eaeedea139301a44) Importer(815301076,1909f56bfc062723c751e8b465ee728b)
Start importing Assets/Sprites/Cainos/Pixel Art Platformer - Village Props/Prefab/PF Village Props - Pot 01.prefab using Guid(78c0f168d9274124eaeedea139301a44) Importer(815301076,1909f56bfc062723c751e8b465ee728b)  -> (artifact id: 'a70bcc2b18db5542b2c615743969bba8') in 0.035585 seconds
Number of updated asset objects reloaded before import = 0
Number of asset objects unloaded after import = 10
========================================================================
Received Import Request.
  Time since last request: 0.570496 seconds.
  path: Assets/Sprites/Cainos/Pixel Art Platformer - Village Props/Prefab/PF Village Props - Pumpkin A.prefab
  artifactKey: Guid(4c7668f32ddf4c843bc8d57bf6b43000) Importer(815301076,1909f56bfc062723c751e8b465ee728b)
Start importing Assets/Sprites/Cainos/Pixel Art Platformer - Village Props/Prefab/PF Village Props - Pumpkin A.prefab using Guid(4c7668f32ddf4c843bc8d57bf6b43000) Importer(815301076,1909f56bfc062723c751e8b465ee728b)  -> (artifact id: '510bd6bf1e8ca283390fbf70da12ba74') in 0.024065 seconds
Number of updated asset objects reloaded before import = 0
Number of asset objects unloaded after import = 8
========================================================================
Received Import Request.
  Time since last request: 0.031617 seconds.
  path: Assets/Sprites/Cainos/Pixel Art Platformer - Village Props/Prefab/PF Village Props - Road Sign 01.prefab
  artifactKey: Guid(bbde5b0f2fde63f47aab9703a1e8e784) Importer(815301076,1909f56bfc062723c751e8b465ee728b)
Start importing Assets/Sprites/Cainos/Pixel Art Platformer - Village Props/Prefab/PF Village Props - Road Sign 01.prefab using Guid(bbde5b0f2fde63f47aab9703a1e8e784) Importer(815301076,1909f56bfc062723c751e8b465ee728b)  -> (artifact id: 'cf722a98eeaff0c64f717459f4be6350') in 0.005883 seconds
Number of updated asset objects reloaded before import = 0
Number of asset objects unloaded after import = 12
========================================================================
Received Import Request.
  Time since last request: 0.528793 seconds.
  path: Assets/Sprites/Cainos/Pixel Art Platformer - Village Props/Prefab/PF Village Props - Rock 02.prefab
  artifactKey: Guid(b076c268235cb7348a5d9a036ec254c4) Importer(815301076,1909f56bfc062723c751e8b465ee728b)
Start importing Assets/Sprites/Cainos/Pixel Art Platformer - Village Props/Prefab/PF Village Props - Rock 02.prefab using Guid(b076c268235cb7348a5d9a036ec254c4) Importer(815301076,1909f56bfc062723c751e8b465ee728b)  -> (artifact id: 'a66e37fc4655fb1e238fcf8099cb455c') in 0.007701 seconds
Number of updated asset objects reloaded before import = 0
Number of asset objects unloaded after import = 8
========================================================================
Received Import Request.
  Time since last request: 0.095100 seconds.
  path: Assets/Sprites/Cainos/Pixel Art Platformer - Village Props/Prefab/PF Village Props - Seesaw 01.prefab
  artifactKey: Guid(ed9b63eb6d4c6da4aa6072d86950c741) Importer(815301076,1909f56bfc062723c751e8b465ee728b)
Start importing Assets/Sprites/Cainos/Pixel Art Platformer - Village Props/Prefab/PF Village Props - Seesaw 01.prefab using Guid(ed9b63eb6d4c6da4aa6072d86950c741) Importer(815301076,1909f56bfc062723c751e8b465ee728b)  -> (artifact id: 'c7aa0eb8d5a41ee860881ebac718d0dc') in 0.006784 seconds
Number of updated asset objects reloaded before import = 0
Number of asset objects unloaded after import = 16
========================================================================
Received Import Request.
  Time since last request: 1.157105 seconds.
  path: Assets/Sprites/Cainos/Pixel Art Platformer - Village Props/Prefab/PF Village Props - Spear.prefab
  artifactKey: Guid(b5866d78fe6dce549a3dcd007f7eaca5) Importer(815301076,1909f56bfc062723c751e8b465ee728b)
Start importing Assets/Sprites/Cainos/Pixel Art Platformer - Village Props/Prefab/PF Village Props - Spear.prefab using Guid(b5866d78fe6dce549a3dcd007f7eaca5) Importer(815301076,1909f56bfc062723c751e8b465ee728b)  -> (artifact id: 'b865990e1df63de2f8657aee7e5ffa89') in 0.006632 seconds
Number of updated asset objects reloaded before import = 0
Number of asset objects unloaded after import = 8
========================================================================
Received Import Request.
  Time since last request: 0.666839 seconds.
  path: Assets/Sprites/Cainos/Pixel Art Platformer - Village Props/Prefab/PF Village Props - Stairs X24.prefab
  artifactKey: Guid(18fa525347f595f4897e2b541ce4ce12) Importer(815301076,1909f56bfc062723c751e8b465ee728b)
Start importing Assets/Sprites/Cainos/Pixel Art Platformer - Village Props/Prefab/PF Village Props - Stairs X24.prefab using Guid(18fa525347f595f4897e2b541ce4ce12) Importer(815301076,1909f56bfc062723c751e8b465ee728b)  -> (artifact id: '9cb7ee18dec8b6310007e636c21675a7') in 0.006692 seconds
Number of updated asset objects reloaded before import = 0
Number of asset objects unloaded after import = 10
