Using pre-set license
Built from '2022.3/staging' branch; Version is '2022.3.23f1 (dbb3f7c5b5c6) revision 14398455'; Using compiler version '192829333'; Build Type 'Release'
OS: 'Windows 10  (10.0.19045) 64bit Professional' Language: 'en' Physical Memory: 16272 MB
BatchMode: 1, IsHumanControllingUs: 0, StartBugReporterOnCrash: 0, Is64bit: 1, IsPro: 1

COMMAND LINE ARGUMENTS:
D:\Unity\2022.3.23f1\Editor\Unity.exe
-adb2
-batchMode
-noUpm
-name
AssetImportWorker3
-projectPath
D:/Game Developments/GitHub/SkyBloom/Skybloom
-logFile
Logs/AssetImportWorker3.log
-srvPort
52483
Successfully changed project path to: D:/Game Developments/GitHub/SkyBloom/Skybloom
D:/Game Developments/GitHub/SkyBloom/Skybloom
[UnityMemory] Configuration Parameters - Can be set up in boot.config
    "memorysetup-bucket-allocator-granularity=16"
    "memorysetup-bucket-allocator-bucket-count=8"
    "memorysetup-bucket-allocator-block-size=33554432"
    "memorysetup-bucket-allocator-block-count=8"
    "memorysetup-main-allocator-block-size=16777216"
    "memorysetup-thread-allocator-block-size=16777216"
    "memorysetup-gfx-main-allocator-block-size=16777216"
    "memorysetup-gfx-thread-allocator-block-size=16777216"
    "memorysetup-cache-allocator-block-size=4194304"
    "memorysetup-typetree-allocator-block-size=2097152"
    "memorysetup-profiler-bucket-allocator-granularity=16"
    "memorysetup-profiler-bucket-allocator-bucket-count=8"
    "memorysetup-profiler-bucket-allocator-block-size=33554432"
    "memorysetup-profiler-bucket-allocator-block-count=8"
    "memorysetup-profiler-allocator-block-size=16777216"
    "memorysetup-profiler-editor-allocator-block-size=1048576"
    "memorysetup-temp-allocator-size-main=16777216"
    "memorysetup-job-temp-allocator-block-size=2097152"
    "memorysetup-job-temp-allocator-block-size-background=1048576"
    "memorysetup-job-temp-allocator-reduction-small-platforms=262144"
    "memorysetup-allocator-temp-initial-block-size-main=262144"
    "memorysetup-allocator-temp-initial-block-size-worker=262144"
    "memorysetup-temp-allocator-size-background-worker=32768"
    "memorysetup-temp-allocator-size-job-worker=262144"
    "memorysetup-temp-allocator-size-preload-manager=33554432"
    "memorysetup-temp-allocator-size-nav-mesh-worker=65536"
    "memorysetup-temp-allocator-size-audio-worker=65536"
    "memorysetup-temp-allocator-size-cloud-worker=32768"
    "memorysetup-temp-allocator-size-gi-baking-worker=262144"
    "memorysetup-temp-allocator-size-gfx=262144"
Player connection [15988] Host "[IP] 192.168.1.141 [Port] 0 [Flags] 2 [Guid] 921433322 [EditorId] 921433322 [Version] 1048832 [Id] WindowsEditor(7,DESKTOP-DEP4F1H) [Debug] 1 [PackageName] WindowsEditor [ProjectName] Editor" joined multi-casting on [225.0.0.222:54997]...

Player connection [15988] Host "[IP] 192.168.1.141 [Port] 0 [Flags] 2 [Guid] 921433322 [EditorId] 921433322 [Version] 1048832 [Id] WindowsEditor(7,DESKTOP-DEP4F1H) [Debug] 1 [PackageName] WindowsEditor [ProjectName] Editor" joined alternative multi-casting on [225.0.0.222:34997]...

[Physics::Module] Initialized MultithreadedJobDispatcher with 11 workers.
Refreshing native plugins compatible for Editor in 24.34 ms, found 9 plugins.
Preloading 0 native plugins for Editor in 0.00 ms.
Initialize engine version: 2022.3.23f1 (dbb3f7c5b5c6)
[Subsystems] Discovering subsystems at path D:/Unity/2022.3.23f1/Editor/Data/Resources/UnitySubsystems
[Subsystems] Discovering subsystems at path D:/Game Developments/GitHub/SkyBloom/Skybloom/Assets
GfxDevice: creating device client; threaded=0; jobified=0
Direct3D:
    Version:  Direct3D 11.0 [level 11.1]
    Renderer: NVIDIA GeForce GTX 1060 (ID=0x1c20)
    Vendor:   NVIDIA
    VRAM:     6031 MB
    Driver:   32.0.15.6603
Initialize mono
Mono path[0] = 'D:/Unity/2022.3.23f1/Editor/Data/Managed'
Mono path[1] = 'D:/Unity/2022.3.23f1/Editor/Data/MonoBleedingEdge/lib/mono/unityjit-win32'
Mono config path = 'D:/Unity/2022.3.23f1/Editor/Data/MonoBleedingEdge/etc'
Using monoOptions --debugger-agent=transport=dt_socket,embedding=1,server=y,suspend=n,address=127.0.0.1:56520
Begin MonoManager ReloadAssembly
Registering precompiled unity dll's ...
Register platform support module: D:/Unity/2022.3.23f1/Editor/Data/PlaybackEngines/WebGLSupport/UnityEditor.WebGL.Extensions.dll
Register platform support module: D:/Unity/2022.3.23f1/Editor/Data/PlaybackEngines/AndroidPlayer/UnityEditor.Android.Extensions.dll
Register platform support module: D:/Unity/2022.3.23f1/Editor/Data/PlaybackEngines/iOSSupport/UnityEditor.iOS.Extensions.dll
Register platform support module: D:/Unity/2022.3.23f1/Editor/Data/PlaybackEngines/WindowsStandaloneSupport/UnityEditor.WindowsStandalone.Extensions.dll
Registered in 0.010115 seconds.
- Loaded All Assemblies, in  0.576 seconds
Native extension for WindowsStandalone target not found
[usbmuxd] Start listen thread
[usbmuxd] Listen thread started
Native extension for iOS target not found
Native extension for Android target not found
Android Extension - Scanning For ADB Devices 407 ms
Native extension for WebGL target not found
Mono: successfully reloaded assembly
- Finished resetting the current domain, in  0.977 seconds
Domain Reload Profiling: 1553ms
	BeginReloadAssembly (167ms)
		ExecutionOrderSort (0ms)
		DisableScriptedObjects (0ms)
		BackupInstance (0ms)
		ReleaseScriptingObjects (0ms)
		CreateAndSetChildDomain (1ms)
	RebuildCommonClasses (56ms)
	RebuildNativeTypeToScriptingClass (19ms)
	initialDomainReloadingComplete (84ms)
	LoadAllAssembliesAndSetupDomain (249ms)
		LoadAssemblies (168ms)
		RebuildTransferFunctionScriptingTraits (0ms)
		AnalyzeDomain (244ms)
			TypeCache.Refresh (243ms)
				TypeCache.ScanAssembly (221ms)
			ScanForSourceGeneratedMonoScriptInfo (0ms)
			ResolveRequiredComponents (1ms)
	FinalizeReload (978ms)
		ReleaseScriptCaches (0ms)
		RebuildScriptCaches (0ms)
		SetupLoadedEditorAssemblies (877ms)
			LogAssemblyErrors (0ms)
			InitializePlatformSupportModulesInManaged (599ms)
			SetLoadedEditorAssemblies (6ms)
			RefreshPlugins (0ms)
			BeforeProcessingInitializeOnLoad (3ms)
			ProcessInitializeOnLoadAttributes (192ms)
			ProcessInitializeOnLoadMethodAttributes (77ms)
			AfterProcessingInitializeOnLoad (0ms)
			EditorAssembliesLoaded (0ms)
		ExecutionOrderSort2 (0ms)
		AwakeInstancesAfterBackupRestoration (0ms)
========================================================================
Worker process is ready to serve import requests
Begin MonoManager ReloadAssembly
- Loaded All Assemblies, in  1.139 seconds
Refreshing native plugins compatible for Editor in 8.67 ms, found 9 plugins.
Native extension for WindowsStandalone target not found
Native extension for iOS target not found
Native extension for Android target not found
Native extension for WebGL target not found
Mono: successfully reloaded assembly
- Finished resetting the current domain, in  1.594 seconds
Domain Reload Profiling: 2732ms
	BeginReloadAssembly (248ms)
		ExecutionOrderSort (0ms)
		DisableScriptedObjects (9ms)
		BackupInstance (0ms)
		ReleaseScriptingObjects (0ms)
		CreateAndSetChildDomain (39ms)
	RebuildCommonClasses (54ms)
	RebuildNativeTypeToScriptingClass (20ms)
	initialDomainReloadingComplete (60ms)
	LoadAllAssembliesAndSetupDomain (755ms)
		LoadAssemblies (518ms)
		RebuildTransferFunctionScriptingTraits (0ms)
		AnalyzeDomain (379ms)
			TypeCache.Refresh (305ms)
				TypeCache.ScanAssembly (274ms)
			ScanForSourceGeneratedMonoScriptInfo (53ms)
			ResolveRequiredComponents (20ms)
	FinalizeReload (1595ms)
		ReleaseScriptCaches (0ms)
		RebuildScriptCaches (0ms)
		SetupLoadedEditorAssemblies (1285ms)
			LogAssemblyErrors (0ms)
			InitializePlatformSupportModulesInManaged (53ms)
			SetLoadedEditorAssemblies (8ms)
			RefreshPlugins (0ms)
			BeforeProcessingInitializeOnLoad (129ms)
			ProcessInitializeOnLoadAttributes (990ms)
			ProcessInitializeOnLoadMethodAttributes (101ms)
			AfterProcessingInitializeOnLoad (4ms)
			EditorAssembliesLoaded (0ms)
		ExecutionOrderSort2 (0ms)
		AwakeInstancesAfterBackupRestoration (9ms)
Launched and connected shader compiler UnityShaderCompiler.exe after 0.07 seconds
Refreshing native plugins compatible for Editor in 8.37 ms, found 9 plugins.
Preloading 0 native plugins for Editor in 0.00 ms.
Unloading 5030 Unused Serialized files (Serialized files now loaded: 0)
Unloading 101 unused Assets / (0.8 MB). Loaded Objects now: 5484.
Memory consumption went from 180.6 MB to 179.8 MB.
Total: 6.453800 ms (FindLiveObjects: 0.514200 ms CreateObjectMapping: 0.510700 ms MarkObjects: 4.897200 ms  DeleteObjects: 0.530800 ms)

AssetImportParameters requested are different than current active one (requested -> active):
  custom:container-demuxer-ogg: 62fdf1f143b41e24485cea50d1cbac27 -> 
  custom:video-decoder-ogg-theora: a1e56fd34408186e4bbccfd4996cb3dc -> 
  custom:framework-win-MediaFoundation: 216162199b28c13a410421893ffa2e32 -> 
  custom:CustomObjectIndexerAttribute: 9a22284fe3817be447336de3de66b15e -> 
  custom:container-demuxer-webm: 4f35f7cbe854078d1ac9338744f61a02 -> 
  custom:container-muxer-webm: aa71ff27fc2769a1b78a27578f13a17b -> 
  custom:video-decoder-webm-vp8: 9c59270c3fd7afecdb556c50c9e8de78 -> 
  custom:SearchIndexIgnoredProperties: e643bd26f0fe6173181afceb89e7c659 -> 
  custom:AudioImporter_EditorPlatform: d09bf68614088b80899f8185d706f6e7 -> 
  custom:video-encoder-webm-vp8: eb34c28f22e8b96e1ab97ce403110664 -> 
  custom:audio-decoder-ogg-vorbis: bf7c407c2cedff20999df2af8eb42d56 -> 
  custom:audio-encoder-webm-vorbis: bf7c407c2cedff20999df2af8eb42d56 -> 
========================================================================
Received Import Request.
  Time since last request: 2053882.307771 seconds.
  path: Assets/Sprites/Cainos/Pixel Art Platformer - Village Props/Texture/TX FX Torch Flame.png
  artifactKey: Guid(22a56ebdc97997341afdcb2e902b2ee6) Importer(815301076,1909f56bfc062723c751e8b465ee728b)
Start importing Assets/Sprites/Cainos/Pixel Art Platformer - Village Props/Texture/TX FX Torch Flame.png using Guid(22a56ebdc97997341afdcb2e902b2ee6) Importer(815301076,1909f56bfc062723c751e8b465ee728b)  -> (artifact id: '8a3799b1eb76f63a59bb5d582fda3402') in 0.123374 seconds
Number of updated asset objects reloaded before import = 0
Number of asset objects unloaded after import = 3
========================================================================
Received Import Request.
  Time since last request: 0.000027 seconds.
  path: Assets/Sprites/Cainos/Pixel Art Platformer - Village Props/Texture/TX Tileset Ground.png
  artifactKey: Guid(157cbc340d2b7e64ab85168e80e95550) Importer(815301076,1909f56bfc062723c751e8b465ee728b)
Start importing Assets/Sprites/Cainos/Pixel Art Platformer - Village Props/Texture/TX Tileset Ground.png using Guid(157cbc340d2b7e64ab85168e80e95550) Importer(815301076,1909f56bfc062723c751e8b465ee728b)  -> (artifact id: '5b6779a2f8968b13d54e66220841f583') in 0.443417 seconds
Number of updated asset objects reloaded before import = 0
Number of asset objects unloaded after import = 167
========================================================================
Received Import Request.
  Time since last request: 5.603465 seconds.
  path: Assets/Sprites/Cainos/Pixel Art Platformer - Village Props/Texture/TileSet/TX Village Props - Archert Target.asset
  artifactKey: Guid(ced5bb3eeeacdfd489f569c465c2cb20) Importer(815301076,1909f56bfc062723c751e8b465ee728b)
Start importing Assets/Sprites/Cainos/Pixel Art Platformer - Village Props/Texture/TileSet/TX Village Props - Archert Target.asset using Guid(ced5bb3eeeacdfd489f569c465c2cb20) Importer(815301076,1909f56bfc062723c751e8b465ee728b)  -> (artifact id: '679802f25d51fd28b6a2d8ff502a0be3') in 0.044943 seconds
Number of updated asset objects reloaded before import = 0
Number of asset objects unloaded after import = 3
========================================================================
Received Import Request.
  Time since last request: 0.000017 seconds.
  path: Assets/Sprites/Cainos/Pixel Art Platformer - Village Props/Texture/TileSet/TX Village Props - Banner Pillar.asset
  artifactKey: Guid(f7d1e9eb56794c54bb06db5a93619056) Importer(815301076,1909f56bfc062723c751e8b465ee728b)
Start importing Assets/Sprites/Cainos/Pixel Art Platformer - Village Props/Texture/TileSet/TX Village Props - Banner Pillar.asset using Guid(f7d1e9eb56794c54bb06db5a93619056) Importer(815301076,1909f56bfc062723c751e8b465ee728b)  -> (artifact id: 'af88c357fea59af1785e51df0b719f1e') in 0.020275 seconds
Number of updated asset objects reloaded before import = 0
Number of asset objects unloaded after import = 3
========================================================================
Received Import Request.
  Time since last request: 0.000049 seconds.
  path: Assets/Sprites/Cainos/Pixel Art Platformer - Village Props/Texture/TileSet/TX Village Props - Barrel.asset
  artifactKey: Guid(870346bf250664147ad195bf3725e7d7) Importer(815301076,1909f56bfc062723c751e8b465ee728b)
Start importing Assets/Sprites/Cainos/Pixel Art Platformer - Village Props/Texture/TileSet/TX Village Props - Barrel.asset using Guid(870346bf250664147ad195bf3725e7d7) Importer(815301076,1909f56bfc062723c751e8b465ee728b)  -> (artifact id: 'c7cebc1d60a7d9dce3310aa17d65a8d2') in 0.017948 seconds
Number of updated asset objects reloaded before import = 0
Number of asset objects unloaded after import = 3
========================================================================
Received Import Request.
  Time since last request: 0.000031 seconds.
  path: Assets/Sprites/Cainos/Pixel Art Platformer - Village Props/Texture/TileSet/TX Village Props - Billboard Noti 01.asset
  artifactKey: Guid(7cc75d4609cad8d41befffeed14a57a5) Importer(815301076,1909f56bfc062723c751e8b465ee728b)
Start importing Assets/Sprites/Cainos/Pixel Art Platformer - Village Props/Texture/TileSet/TX Village Props - Billboard Noti 01.asset using Guid(7cc75d4609cad8d41befffeed14a57a5) Importer(815301076,1909f56bfc062723c751e8b465ee728b)  -> (artifact id: 'ea5b62794a3d07dff9fbab8f16d99131') in 0.019949 seconds
Number of updated asset objects reloaded before import = 0
Number of asset objects unloaded after import = 3
========================================================================
Received Import Request.
  Time since last request: 0.000025 seconds.
  path: Assets/Sprites/Cainos/Pixel Art Platformer - Village Props/Texture/TileSet/TX Village Props - Billboard.asset
  artifactKey: Guid(ff7ba139a7e825f4d84d0aa89efc2777) Importer(815301076,1909f56bfc062723c751e8b465ee728b)
Start importing Assets/Sprites/Cainos/Pixel Art Platformer - Village Props/Texture/TileSet/TX Village Props - Billboard.asset using Guid(ff7ba139a7e825f4d84d0aa89efc2777) Importer(815301076,1909f56bfc062723c751e8b465ee728b)  -> (artifact id: '2c2c6e146e668670a995018f44447949') in 0.020771 seconds
Number of updated asset objects reloaded before import = 0
Number of asset objects unloaded after import = 3
========================================================================
Received Import Request.
  Time since last request: 3.828733 seconds.
  path: Assets/Sprites/Cainos/Pixel Art Platformer - Village Props/Texture/TileSet/TX Village Props - Bread.asset
  artifactKey: Guid(0a64cb03fec70544c878d17f3df4d88b) Importer(815301076,1909f56bfc062723c751e8b465ee728b)
Start importing Assets/Sprites/Cainos/Pixel Art Platformer - Village Props/Texture/TileSet/TX Village Props - Bread.asset using Guid(0a64cb03fec70544c878d17f3df4d88b) Importer(815301076,1909f56bfc062723c751e8b465ee728b)  -> (artifact id: '7b0575c2303a8918c6661876c2e208e7') in 0.019817 seconds
Number of updated asset objects reloaded before import = 0
Number of asset objects unloaded after import = 3
========================================================================
Received Import Request.
  Time since last request: 0.278939 seconds.
  path: Assets/Sprites/Cainos/Pixel Art Platformer - Village Props/Texture/TileSet/TX Village Props - Bush 01.asset
  artifactKey: Guid(b2283df3ab685624198c761759ff660f) Importer(815301076,1909f56bfc062723c751e8b465ee728b)
Start importing Assets/Sprites/Cainos/Pixel Art Platformer - Village Props/Texture/TileSet/TX Village Props - Bush 01.asset using Guid(b2283df3ab685624198c761759ff660f) Importer(815301076,1909f56bfc062723c751e8b465ee728b)  -> (artifact id: '0035fb56e23d41cd08ed5e094f8d2ddd') in 0.021313 seconds
Number of updated asset objects reloaded before import = 0
Number of asset objects unloaded after import = 3
========================================================================
Received Import Request.
  Time since last request: 0.018879 seconds.
  path: Assets/Sprites/Cainos/Pixel Art Platformer - Village Props/Texture/TileSet/TX Village Props - Campfire.asset
  artifactKey: Guid(54de6f69a05148f4f9a2b8e392c8541f) Importer(815301076,1909f56bfc062723c751e8b465ee728b)
Start importing Assets/Sprites/Cainos/Pixel Art Platformer - Village Props/Texture/TileSet/TX Village Props - Campfire.asset using Guid(54de6f69a05148f4f9a2b8e392c8541f) Importer(815301076,1909f56bfc062723c751e8b465ee728b)  -> (artifact id: '5d5f83a91a02674c358c786a022608a6') in 0.021971 seconds
Number of updated asset objects reloaded before import = 0
Number of asset objects unloaded after import = 3
========================================================================
Received Import Request.
  Time since last request: 0.035275 seconds.
  path: Assets/Sprites/Cainos/Pixel Art Platformer - Village Props/Texture/TileSet/TX Village Props - Chain 02.asset
  artifactKey: Guid(8d569c46b5ffe664687fe47d30e17788) Importer(815301076,1909f56bfc062723c751e8b465ee728b)
Start importing Assets/Sprites/Cainos/Pixel Art Platformer - Village Props/Texture/TileSet/TX Village Props - Chain 02.asset using Guid(8d569c46b5ffe664687fe47d30e17788) Importer(815301076,1909f56bfc062723c751e8b465ee728b)  -> (artifact id: '20efaf4467bd4b437c37925cf9140611') in 0.018569 seconds
Number of updated asset objects reloaded before import = 0
Number of asset objects unloaded after import = 3
========================================================================
Received Import Request.
  Time since last request: 65.102411 seconds.
  path: Assets/Sprites/Cainos/Pixel Art Platformer - Village Props/Texture/TileSet/TX Village Props - Apple.asset
  artifactKey: Guid(ede252d1870417449813a365196ea8c2) Importer(815301076,1909f56bfc062723c751e8b465ee728b)
Start importing Assets/Sprites/Cainos/Pixel Art Platformer - Village Props/Texture/TileSet/TX Village Props - Apple.asset using Guid(ede252d1870417449813a365196ea8c2) Importer(815301076,1909f56bfc062723c751e8b465ee728b)  -> (artifact id: '5f6b6463dab77afa69167a685312ffa6') in 0.018820 seconds
Number of updated asset objects reloaded before import = 0
Number of asset objects unloaded after import = 3
========================================================================
Received Import Request.
  Time since last request: 0.000026 seconds.
  path: Assets/Sprites/Cainos/Pixel Art Platformer - Village Props/Texture/TileSet/TX Village Props - Billboard Noti 02.asset
  artifactKey: Guid(fa4a599595320b245a0c3772cdba5162) Importer(815301076,1909f56bfc062723c751e8b465ee728b)
Start importing Assets/Sprites/Cainos/Pixel Art Platformer - Village Props/Texture/TileSet/TX Village Props - Billboard Noti 02.asset using Guid(fa4a599595320b245a0c3772cdba5162) Importer(815301076,1909f56bfc062723c751e8b465ee728b)  -> (artifact id: '79d0561db07974806d66c25735eee2f1') in 0.020696 seconds
Number of updated asset objects reloaded before import = 0
Number of asset objects unloaded after import = 3
========================================================================
Received Import Request.
  Time since last request: 0.000022 seconds.
  path: Assets/Sprites/Cainos/Pixel Art Platformer - Village Props/Texture/TileSet/TX Village Props - Banner Pillar.asset
  artifactKey: Guid(f7d1e9eb56794c54bb06db5a93619056) Importer(815301076,1909f56bfc062723c751e8b465ee728b)
Start importing Assets/Sprites/Cainos/Pixel Art Platformer - Village Props/Texture/TileSet/TX Village Props - Banner Pillar.asset using Guid(f7d1e9eb56794c54bb06db5a93619056) Importer(815301076,1909f56bfc062723c751e8b465ee728b)  -> (artifact id: 'a9b67f7b0ec0c31cf4b03d1c73108b49') in 0.010607 seconds
Number of updated asset objects reloaded before import = 0
Number of asset objects unloaded after import = 3
========================================================================
Received Import Request.
  Time since last request: 0.000022 seconds.
  path: Assets/Sprites/Cainos/Pixel Art Platformer - Village Props/Texture/TileSet/TX Village Props - Arrow.asset
  artifactKey: Guid(a2daf7621f22b8749ada086fd43040ba) Importer(815301076,1909f56bfc062723c751e8b465ee728b)
Start importing Assets/Sprites/Cainos/Pixel Art Platformer - Village Props/Texture/TileSet/TX Village Props - Arrow.asset using Guid(a2daf7621f22b8749ada086fd43040ba) Importer(815301076,1909f56bfc062723c751e8b465ee728b)  -> (artifact id: '6adfa54dab04bc5c78e6b9e56d167464') in 0.010943 seconds
Number of updated asset objects reloaded before import = 0
Number of asset objects unloaded after import = 3
========================================================================
Received Import Request.
  Time since last request: 0.000062 seconds.
  path: Assets/Sprites/Cainos/Pixel Art Platformer - Village Props/Texture/TileSet/TX Village Props - Barrel.asset
  artifactKey: Guid(870346bf250664147ad195bf3725e7d7) Importer(815301076,1909f56bfc062723c751e8b465ee728b)
Start importing Assets/Sprites/Cainos/Pixel Art Platformer - Village Props/Texture/TileSet/TX Village Props - Barrel.asset using Guid(870346bf250664147ad195bf3725e7d7) Importer(815301076,1909f56bfc062723c751e8b465ee728b)  -> (artifact id: 'fec0f598f0691a41248ec8adc284c064') in 0.010379 seconds
Number of updated asset objects reloaded before import = 0
Number of asset objects unloaded after import = 3
========================================================================
Received Import Request.
  Time since last request: 0.000019 seconds.
  path: Assets/Sprites/Cainos/Pixel Art Platformer - Village Props/Texture/TileSet/TX Village Props - Arrow Hit.asset
  artifactKey: Guid(10c1ca34b7ce1484eace50d3e77cdce2) Importer(815301076,1909f56bfc062723c751e8b465ee728b)
Start importing Assets/Sprites/Cainos/Pixel Art Platformer - Village Props/Texture/TileSet/TX Village Props - Arrow Hit.asset using Guid(10c1ca34b7ce1484eace50d3e77cdce2) Importer(815301076,1909f56bfc062723c751e8b465ee728b)  -> (artifact id: 'f89172a371d06041c9d07e8579835d6c') in 0.010122 seconds
Number of updated asset objects reloaded before import = 0
Number of asset objects unloaded after import = 3
========================================================================
Received Import Request.
  Time since last request: 0.000019 seconds.
  path: Assets/Sprites/Cainos/Pixel Art Platformer - Village Props/Texture/TileSet/TX Village Props - Billboard Noti 01.asset
  artifactKey: Guid(7cc75d4609cad8d41befffeed14a57a5) Importer(815301076,1909f56bfc062723c751e8b465ee728b)
Start importing Assets/Sprites/Cainos/Pixel Art Platformer - Village Props/Texture/TileSet/TX Village Props - Billboard Noti 01.asset using Guid(7cc75d4609cad8d41befffeed14a57a5) Importer(815301076,1909f56bfc062723c751e8b465ee728b)  -> (artifact id: '7a9d63f01464e47ada4b9b8d2ce99f94') in 0.007700 seconds
Number of updated asset objects reloaded before import = 0
Number of asset objects unloaded after import = 3
========================================================================
Received Import Request.
  Time since last request: 0.000017 seconds.
  path: Assets/Sprites/Cainos/Pixel Art Platformer - Village Props/Texture/TileSet/TX Village Props - Billboard Noti 04.asset
  artifactKey: Guid(d8b08e9c799804247822fc17f5a741ce) Importer(815301076,1909f56bfc062723c751e8b465ee728b)
Start importing Assets/Sprites/Cainos/Pixel Art Platformer - Village Props/Texture/TileSet/TX Village Props - Billboard Noti 04.asset using Guid(d8b08e9c799804247822fc17f5a741ce) Importer(815301076,1909f56bfc062723c751e8b465ee728b)  -> (artifact id: '1f2411bb133c888a0418fa6e3ecc8d03') in 0.023297 seconds
Number of updated asset objects reloaded before import = 0
Number of asset objects unloaded after import = 3
Editor requested this worker to shutdown with reason: Scaling down because of idle timeout
TcpMessagingSession - receive error: operation aborted. errorcode: 995, details: The I/O operation has been aborted because of either a thread exit or an application request.
AssetImportWorker is now disconnected from the server
Process exiting
Exiting without the bug reporter. Application will terminate with return code 0