Using pre-set license
Built from '2022.3/staging' branch; Version is '2022.3.23f1 (dbb3f7c5b5c6) revision 14398455'; Using compiler version '192829333'; Build Type 'Release'
OS: 'Windows 10  (10.0.19045) 64bit Professional' Language: 'en' Physical Memory: 16272 MB
BatchMode: 1, IsHumanControllingUs: 0, StartBugReporterOnCrash: 0, Is64bit: 1, IsPro: 1

COMMAND LINE ARGUMENTS:
D:\Unity\2022.3.23f1\Editor\Unity.exe
-adb2
-batchMode
-noUpm
-name
AssetImportWorker4
-projectPath
D:/Game Developments/GitHub/SkyBloom/Skybloom
-logFile
Logs/AssetImportWorker4.log
-srvPort
52483
Successfully changed project path to: D:/Game Developments/GitHub/SkyBloom/Skybloom
D:/Game Developments/GitHub/SkyBloom/Skybloom
[UnityMemory] Configuration Parameters - Can be set up in boot.config
    "memorysetup-bucket-allocator-granularity=16"
    "memorysetup-bucket-allocator-bucket-count=8"
    "memorysetup-bucket-allocator-block-size=33554432"
    "memorysetup-bucket-allocator-block-count=8"
    "memorysetup-main-allocator-block-size=16777216"
    "memorysetup-thread-allocator-block-size=16777216"
    "memorysetup-gfx-main-allocator-block-size=16777216"
    "memorysetup-gfx-thread-allocator-block-size=16777216"
    "memorysetup-cache-allocator-block-size=4194304"
    "memorysetup-typetree-allocator-block-size=2097152"
    "memorysetup-profiler-bucket-allocator-granularity=16"
    "memorysetup-profiler-bucket-allocator-bucket-count=8"
    "memorysetup-profiler-bucket-allocator-block-size=33554432"
    "memorysetup-profiler-bucket-allocator-block-count=8"
    "memorysetup-profiler-allocator-block-size=16777216"
    "memorysetup-profiler-editor-allocator-block-size=1048576"
    "memorysetup-temp-allocator-size-main=16777216"
    "memorysetup-job-temp-allocator-block-size=2097152"
    "memorysetup-job-temp-allocator-block-size-background=1048576"
    "memorysetup-job-temp-allocator-reduction-small-platforms=262144"
    "memorysetup-allocator-temp-initial-block-size-main=262144"
    "memorysetup-allocator-temp-initial-block-size-worker=262144"
    "memorysetup-temp-allocator-size-background-worker=32768"
    "memorysetup-temp-allocator-size-job-worker=262144"
    "memorysetup-temp-allocator-size-preload-manager=33554432"
    "memorysetup-temp-allocator-size-nav-mesh-worker=65536"
    "memorysetup-temp-allocator-size-audio-worker=65536"
    "memorysetup-temp-allocator-size-cloud-worker=32768"
    "memorysetup-temp-allocator-size-gi-baking-worker=262144"
    "memorysetup-temp-allocator-size-gfx=262144"
Player connection [1556] Host "[IP] 192.168.1.141 [Port] 0 [Flags] 2 [Guid] 2796858265 [EditorId] 2796858265 [Version] 1048832 [Id] WindowsEditor(7,DESKTOP-DEP4F1H) [Debug] 1 [PackageName] WindowsEditor [ProjectName] Editor" joined multi-casting on [225.0.0.222:54997]...

Player connection [1556] Host "[IP] 192.168.1.141 [Port] 0 [Flags] 2 [Guid] 2796858265 [EditorId] 2796858265 [Version] 1048832 [Id] WindowsEditor(7,DESKTOP-DEP4F1H) [Debug] 1 [PackageName] WindowsEditor [ProjectName] Editor" joined alternative multi-casting on [225.0.0.222:34997]...

[Physics::Module] Initialized MultithreadedJobDispatcher with 11 workers.
Refreshing native plugins compatible for Editor in 17.60 ms, found 9 plugins.
Preloading 0 native plugins for Editor in 0.00 ms.
Initialize engine version: 2022.3.23f1 (dbb3f7c5b5c6)
[Subsystems] Discovering subsystems at path D:/Unity/2022.3.23f1/Editor/Data/Resources/UnitySubsystems
[Subsystems] Discovering subsystems at path D:/Game Developments/GitHub/SkyBloom/Skybloom/Assets
GfxDevice: creating device client; threaded=0; jobified=0
Direct3D:
    Version:  Direct3D 11.0 [level 11.1]
    Renderer: NVIDIA GeForce GTX 1060 (ID=0x1c20)
    Vendor:   NVIDIA
    VRAM:     6031 MB
    Driver:   32.0.15.6603
Initialize mono
Mono path[0] = 'D:/Unity/2022.3.23f1/Editor/Data/Managed'
Mono path[1] = 'D:/Unity/2022.3.23f1/Editor/Data/MonoBleedingEdge/lib/mono/unityjit-win32'
Mono config path = 'D:/Unity/2022.3.23f1/Editor/Data/MonoBleedingEdge/etc'
Using monoOptions --debugger-agent=transport=dt_socket,embedding=1,server=y,suspend=n,address=127.0.0.1:56548
Begin MonoManager ReloadAssembly
Registering precompiled unity dll's ...
Register platform support module: D:/Unity/2022.3.23f1/Editor/Data/PlaybackEngines/WebGLSupport/UnityEditor.WebGL.Extensions.dll
Register platform support module: D:/Unity/2022.3.23f1/Editor/Data/PlaybackEngines/AndroidPlayer/UnityEditor.Android.Extensions.dll
Register platform support module: D:/Unity/2022.3.23f1/Editor/Data/PlaybackEngines/iOSSupport/UnityEditor.iOS.Extensions.dll
Register platform support module: D:/Unity/2022.3.23f1/Editor/Data/PlaybackEngines/WindowsStandaloneSupport/UnityEditor.WindowsStandalone.Extensions.dll
Registered in 0.015129 seconds.
- Loaded All Assemblies, in  0.721 seconds
Native extension for WindowsStandalone target not found
[usbmuxd] Start listen thread
[usbmuxd] Listen thread started
Native extension for iOS target not found
Native extension for Android target not found
Android Extension - Scanning For ADB Devices 432 ms
Native extension for WebGL target not found
Mono: successfully reloaded assembly
- Finished resetting the current domain, in  1.108 seconds
Domain Reload Profiling: 1829ms
	BeginReloadAssembly (182ms)
		ExecutionOrderSort (0ms)
		DisableScriptedObjects (0ms)
		BackupInstance (0ms)
		ReleaseScriptingObjects (0ms)
		CreateAndSetChildDomain (2ms)
	RebuildCommonClasses (65ms)
	RebuildNativeTypeToScriptingClass (21ms)
	initialDomainReloadingComplete (116ms)
	LoadAllAssembliesAndSetupDomain (336ms)
		LoadAssemblies (182ms)
		RebuildTransferFunctionScriptingTraits (0ms)
		AnalyzeDomain (331ms)
			TypeCache.Refresh (329ms)
				TypeCache.ScanAssembly (298ms)
			ScanForSourceGeneratedMonoScriptInfo (0ms)
			ResolveRequiredComponents (1ms)
	FinalizeReload (1109ms)
		ReleaseScriptCaches (0ms)
		RebuildScriptCaches (0ms)
		SetupLoadedEditorAssemblies (998ms)
			LogAssemblyErrors (0ms)
			InitializePlatformSupportModulesInManaged (652ms)
			SetLoadedEditorAssemblies (7ms)
			RefreshPlugins (0ms)
			BeforeProcessingInitializeOnLoad (4ms)
			ProcessInitializeOnLoadAttributes (249ms)
			ProcessInitializeOnLoadMethodAttributes (85ms)
			AfterProcessingInitializeOnLoad (0ms)
			EditorAssembliesLoaded (0ms)
		ExecutionOrderSort2 (0ms)
		AwakeInstancesAfterBackupRestoration (0ms)
========================================================================
Worker process is ready to serve import requests
Begin MonoManager ReloadAssembly
- Loaded All Assemblies, in  1.285 seconds
Refreshing native plugins compatible for Editor in 8.97 ms, found 9 plugins.
Native extension for WindowsStandalone target not found
Native extension for iOS target not found
Native extension for Android target not found
Native extension for WebGL target not found
Mono: successfully reloaded assembly
- Finished resetting the current domain, in  1.794 seconds
Domain Reload Profiling: 3077ms
	BeginReloadAssembly (280ms)
		ExecutionOrderSort (0ms)
		DisableScriptedObjects (10ms)
		BackupInstance (0ms)
		ReleaseScriptingObjects (0ms)
		CreateAndSetChildDomain (30ms)
	RebuildCommonClasses (63ms)
	RebuildNativeTypeToScriptingClass (20ms)
	initialDomainReloadingComplete (68ms)
	LoadAllAssembliesAndSetupDomain (851ms)
		LoadAssemblies (590ms)
		RebuildTransferFunctionScriptingTraits (0ms)
		AnalyzeDomain (439ms)
			TypeCache.Refresh (364ms)
				TypeCache.ScanAssembly (327ms)
			ScanForSourceGeneratedMonoScriptInfo (50ms)
			ResolveRequiredComponents (24ms)
	FinalizeReload (1794ms)
		ReleaseScriptCaches (0ms)
		RebuildScriptCaches (0ms)
		SetupLoadedEditorAssemblies (1430ms)
			LogAssemblyErrors (0ms)
			InitializePlatformSupportModulesInManaged (59ms)
			SetLoadedEditorAssemblies (11ms)
			RefreshPlugins (0ms)
			BeforeProcessingInitializeOnLoad (140ms)
			ProcessInitializeOnLoadAttributes (1097ms)
			ProcessInitializeOnLoadMethodAttributes (118ms)
			AfterProcessingInitializeOnLoad (5ms)
			EditorAssembliesLoaded (0ms)
		ExecutionOrderSort2 (0ms)
		AwakeInstancesAfterBackupRestoration (11ms)
Launched and connected shader compiler UnityShaderCompiler.exe after 0.06 seconds
Refreshing native plugins compatible for Editor in 5.12 ms, found 9 plugins.
Preloading 0 native plugins for Editor in 0.00 ms.
Unloading 5030 Unused Serialized files (Serialized files now loaded: 0)
Unloading 101 unused Assets / (1.0 MB). Loaded Objects now: 5484.
Memory consumption went from 180.8 MB to 179.8 MB.
Total: 5.703700 ms (FindLiveObjects: 0.373600 ms CreateObjectMapping: 0.633300 ms MarkObjects: 4.074800 ms  DeleteObjects: 0.621200 ms)

AssetImportParameters requested are different than current active one (requested -> active):
  custom:container-demuxer-ogg: 62fdf1f143b41e24485cea50d1cbac27 -> 
  custom:video-decoder-ogg-theora: a1e56fd34408186e4bbccfd4996cb3dc -> 
  custom:framework-win-MediaFoundation: 216162199b28c13a410421893ffa2e32 -> 
  custom:CustomObjectIndexerAttribute: 9a22284fe3817be447336de3de66b15e -> 
  custom:container-demuxer-webm: 4f35f7cbe854078d1ac9338744f61a02 -> 
  custom:container-muxer-webm: aa71ff27fc2769a1b78a27578f13a17b -> 
  custom:video-decoder-webm-vp8: 9c59270c3fd7afecdb556c50c9e8de78 -> 
  custom:SearchIndexIgnoredProperties: e643bd26f0fe6173181afceb89e7c659 -> 
  custom:AudioImporter_EditorPlatform: d09bf68614088b80899f8185d706f6e7 -> 
  custom:video-encoder-webm-vp8: eb34c28f22e8b96e1ab97ce403110664 -> 
  custom:audio-decoder-ogg-vorbis: bf7c407c2cedff20999df2af8eb42d56 -> 
  custom:audio-encoder-webm-vorbis: bf7c407c2cedff20999df2af8eb42d56 -> 
========================================================================
Received Import Request.
  Time since last request: 2053999.988439 seconds.
  path: Assets/Sprites/Cainos/Pixel Art Platformer - Village Props/Animation
  artifactKey: Guid(df8f3bc6627121d44b0304ccb3d59fea) Importer(815301076,1909f56bfc062723c751e8b465ee728b)
Start importing Assets/Sprites/Cainos/Pixel Art Platformer - Village Props/Animation using Guid(df8f3bc6627121d44b0304ccb3d59fea) Importer(815301076,1909f56bfc062723c751e8b465ee728b)  -> (artifact id: '3c09b320b50fc3c781696414e6143f73') in 0.003546 seconds
Number of updated asset objects reloaded before import = 0
Number of asset objects unloaded after import = 0
========================================================================
Received Import Request.
  Time since last request: 40.887584 seconds.
  path: Assets/Sprites/Cainos/Pixel Art Platformer - Village Props/Texture/TX Tileset Ground.png
  artifactKey: Guid(157cbc340d2b7e64ab85168e80e95550) Importer(815301076,1909f56bfc062723c751e8b465ee728b)
Start importing Assets/Sprites/Cainos/Pixel Art Platformer - Village Props/Texture/TX Tileset Ground.png using Guid(157cbc340d2b7e64ab85168e80e95550) Importer(815301076,1909f56bfc062723c751e8b465ee728b)  -> (artifact id: 'bd4c7f1dd7d440959207b0450c4009d7') in 0.434158 seconds
Number of updated asset objects reloaded before import = 0
Number of asset objects unloaded after import = 167
========================================================================
Received Import Request.
  Time since last request: 4.370556 seconds.
  path: Assets/Sprites/Cainos/Pixel Art Platformer - Village Props/Texture/TX Tileset Ground.png
  artifactKey: Guid(157cbc340d2b7e64ab85168e80e95550) Importer(815301076,1909f56bfc062723c751e8b465ee728b)
Start importing Assets/Sprites/Cainos/Pixel Art Platformer - Village Props/Texture/TX Tileset Ground.png using Guid(157cbc340d2b7e64ab85168e80e95550) Importer(815301076,1909f56bfc062723c751e8b465ee728b)  -> (artifact id: 'a5ba8ae804cd357e86f6d1df98e26606') in 0.358827 seconds
Number of updated asset objects reloaded before import = 0
Number of asset objects unloaded after import = 167
========================================================================
Received Import Request.
  Time since last request: 5.592577 seconds.
  path: Assets/Sprites/Cainos/Pixel Art Platformer - Village Props/Texture/TX Tileset Ground.png
  artifactKey: Guid(157cbc340d2b7e64ab85168e80e95550) Importer(815301076,1909f56bfc062723c751e8b465ee728b)
Start importing Assets/Sprites/Cainos/Pixel Art Platformer - Village Props/Texture/TX Tileset Ground.png using Guid(157cbc340d2b7e64ab85168e80e95550) Importer(815301076,1909f56bfc062723c751e8b465ee728b)  -> (artifact id: '0bde66d2d1927790af8a81552f87e866') in 0.358021 seconds
Number of updated asset objects reloaded before import = 0
Number of asset objects unloaded after import = 167
========================================================================
Received Import Request.
  Time since last request: 274.259047 seconds.
  path: Assets/Sprites/Cainos/Pixel Art Platformer - Village Props/Tileset Palette/TP Ground.prefab
  artifactKey: Guid(027db5ce1ff2f4142b49c3de3b59625a) Importer(815301076,1909f56bfc062723c751e8b465ee728b)
Start importing Assets/Sprites/Cainos/Pixel Art Platformer - Village Props/Tileset Palette/TP Ground.prefab using Guid(027db5ce1ff2f4142b49c3de3b59625a) Importer(815301076,1909f56bfc062723c751e8b465ee728b)  -> (artifact id: '6587179b7731bd9d0f3e144d5f95b5bf') in 0.278450 seconds
Number of updated asset objects reloaded before import = 0
Number of asset objects unloaded after import = 341
========================================================================
Received Import Request.
  Time since last request: 28.805411 seconds.
  path: Assets/TileSets
  artifactKey: Guid(2fbc19b51efe77f4cab3ba098e351e38) Importer(815301076,1909f56bfc062723c751e8b465ee728b)
Start importing Assets/TileSets using Guid(2fbc19b51efe77f4cab3ba098e351e38) Importer(815301076,1909f56bfc062723c751e8b465ee728b)  -> (artifact id: 'cd76c147dadb175ecc620a5fa966fef5') in 0.000706 seconds
Number of updated asset objects reloaded before import = 0
Number of asset objects unloaded after import = 0
========================================================================
Received Import Request.
  Time since last request: 0.036908 seconds.
  path: Assets/TileSets/Town.prefab
  artifactKey: Guid(6f84fb4815c379b4f93dceb6a8671ab2) Importer(815301076,1909f56bfc062723c751e8b465ee728b)
Start importing Assets/TileSets/Town.prefab using Guid(6f84fb4815c379b4f93dceb6a8671ab2) Importer(815301076,1909f56bfc062723c751e8b465ee728b)  -> (artifact id: '340ab6102a25df1d2e6240964731949f') in 0.478665 seconds
Number of updated asset objects reloaded before import = 0
Number of asset objects unloaded after import = 10
========================================================================
Received Import Request.
  Time since last request: 11.536729 seconds.
  path: Assets/TileSets/Town Tiles
  artifactKey: Guid(fe098fc366d10cb4c881192c2b0bc447) Importer(815301076,1909f56bfc062723c751e8b465ee728b)
Start importing Assets/TileSets/Town Tiles using Guid(fe098fc366d10cb4c881192c2b0bc447) Importer(815301076,1909f56bfc062723c751e8b465ee728b)  -> (artifact id: '580f33377c62538e63df11868948d772') in 0.000506 seconds
Number of updated asset objects reloaded before import = 0
Number of asset objects unloaded after import = 0
========================================================================
Received Import Request.
  Time since last request: 96.559547 seconds.
  path: Assets/Sprites/Cainos/Pixel Art Platformer - Village Props/Tileset Palette/TP Ground.prefab
  artifactKey: Guid(027db5ce1ff2f4142b49c3de3b59625a) Importer(815301076,1909f56bfc062723c751e8b465ee728b)
Start importing Assets/Sprites/Cainos/Pixel Art Platformer - Village Props/Tileset Palette/TP Ground.prefab using Guid(027db5ce1ff2f4142b49c3de3b59625a) Importer(815301076,1909f56bfc062723c751e8b465ee728b)  -> (artifact id: '219967a929386cf2582a0c8d75aa31d4') in 0.159108 seconds
Number of updated asset objects reloaded before import = 0
Number of asset objects unloaded after import = 341
========================================================================
Received Import Request.
  Time since last request: 36.186353 seconds.
  path: Assets/Sprites/Cainos/Pixel Art Platformer - Village Props/Tileset Palette/TP Ground.prefab
  artifactKey: Guid(027db5ce1ff2f4142b49c3de3b59625a) Importer(815301076,1909f56bfc062723c751e8b465ee728b)
Start importing Assets/Sprites/Cainos/Pixel Art Platformer - Village Props/Tileset Palette/TP Ground.prefab using Guid(027db5ce1ff2f4142b49c3de3b59625a) Importer(815301076,1909f56bfc062723c751e8b465ee728b)  -> (artifact id: 'e4c886f0e07b9f02e1ab4072ae1bd221') in 0.083694 seconds
Number of updated asset objects reloaded before import = 0
Number of asset objects unloaded after import = 341
========================================================================
Received Import Request.
  Time since last request: 58.290831 seconds.
  path: Assets/TileSets/TP Village Environment.prefab
  artifactKey: Guid(bed4470b4dbfaae41983b81ee0ebf277) Importer(815301076,1909f56bfc062723c751e8b465ee728b)
Start importing Assets/TileSets/TP Village Environment.prefab using Guid(bed4470b4dbfaae41983b81ee0ebf277) Importer(815301076,1909f56bfc062723c751e8b465ee728b)  -> (artifact id: '01aea09651d0a103bb13538d127957af') in 0.014613 seconds
Number of updated asset objects reloaded before import = 0
Number of asset objects unloaded after import = 10
========================================================================
Received Import Request.
  Time since last request: 58.376475 seconds.
  path: Assets/Sprites/Cainos/Pixel Art Platformer - Village Props/Texture/TX Village Props.png
  artifactKey: Guid(7810966f0f690954c87305933cabf2b0) Importer(815301076,1909f56bfc062723c751e8b465ee728b)
Start importing Assets/Sprites/Cainos/Pixel Art Platformer - Village Props/Texture/TX Village Props.png using Guid(7810966f0f690954c87305933cabf2b0) Importer(815301076,1909f56bfc062723c751e8b465ee728b)  -> (artifact id: '606c227b2e7fcc070525aa9fc5c03316') in 0.568730 seconds
Number of updated asset objects reloaded before import = 0
Number of asset objects unloaded after import = 193
========================================================================
Received Import Request.
  Time since last request: 5.700436 seconds.
  path: Assets/Sprites/Cainos/Pixel Art Platformer - Village Props/Texture/TX Village Props.png
  artifactKey: Guid(7810966f0f690954c87305933cabf2b0) Importer(815301076,1909f56bfc062723c751e8b465ee728b)
Start importing Assets/Sprites/Cainos/Pixel Art Platformer - Village Props/Texture/TX Village Props.png using Guid(7810966f0f690954c87305933cabf2b0) Importer(815301076,1909f56bfc062723c751e8b465ee728b)  -> (artifact id: 'a78a720dd55384f411991282bb0d21da') in 0.415730 seconds
Number of updated asset objects reloaded before import = 0
Number of asset objects unloaded after import = 193
========================================================================
Received Import Request.
  Time since last request: 25.174515 seconds.
  path: Assets/Sprites/Cainos/Pixel Art Platformer - Village Props/Texture/TX Village Props.png
  artifactKey: Guid(7810966f0f690954c87305933cabf2b0) Importer(815301076,1909f56bfc062723c751e8b465ee728b)
Start importing Assets/Sprites/Cainos/Pixel Art Platformer - Village Props/Texture/TX Village Props.png using Guid(7810966f0f690954c87305933cabf2b0) Importer(815301076,1909f56bfc062723c751e8b465ee728b)  -> (artifact id: 'b6fd4e473347b316a572da630db0aebe') in 0.419098 seconds
Number of updated asset objects reloaded before import = 0
Number of asset objects unloaded after import = 193
========================================================================
Received Import Request.
  Time since last request: 25.179428 seconds.
  path: Assets/Sprites/Cainos/Pixel Art Platformer - Village Props/Texture/TX Village Props.png
  artifactKey: Guid(7810966f0f690954c87305933cabf2b0) Importer(815301076,1909f56bfc062723c751e8b465ee728b)
Start importing Assets/Sprites/Cainos/Pixel Art Platformer - Village Props/Texture/TX Village Props.png using Guid(7810966f0f690954c87305933cabf2b0) Importer(815301076,1909f56bfc062723c751e8b465ee728b)  -> (artifact id: '54ede059f8f30f00dd786c9e72d70a72') in 0.408363 seconds
Number of updated asset objects reloaded before import = 0
Number of asset objects unloaded after import = 193
========================================================================
Received Import Request.
  Time since last request: 8.021723 seconds.
  path: Assets/Sprites/Cainos/Pixel Art Platformer - Village Props/Texture/TX Village Props.png
  artifactKey: Guid(7810966f0f690954c87305933cabf2b0) Importer(815301076,1909f56bfc062723c751e8b465ee728b)
Start importing Assets/Sprites/Cainos/Pixel Art Platformer - Village Props/Texture/TX Village Props.png using Guid(7810966f0f690954c87305933cabf2b0) Importer(815301076,1909f56bfc062723c751e8b465ee728b)  -> (artifact id: 'e4e7ba64bec683cd1f7933578dfee847') in 0.031204 seconds
Number of updated asset objects reloaded before import = 0
Number of asset objects unloaded after import = 3
========================================================================
Received Import Request.
  Time since last request: 89.711234 seconds.
  path: Assets/Sprites/Cainos/Pixel Art Platformer - Village Props/Texture/TX Village Props.png
  artifactKey: Guid(7810966f0f690954c87305933cabf2b0) Importer(815301076,1909f56bfc062723c751e8b465ee728b)
Start importing Assets/Sprites/Cainos/Pixel Art Platformer - Village Props/Texture/TX Village Props.png using Guid(7810966f0f690954c87305933cabf2b0) Importer(815301076,1909f56bfc062723c751e8b465ee728b)  -> (artifact id: '3d644a3bce03d7ec6bfcd021ee664365') in 0.993522 seconds
Number of updated asset objects reloaded before import = 0
Number of asset objects unloaded after import = 475
========================================================================
Received Import Request.
  Time since last request: 636.480549 seconds.
  path: Assets/Sprites/Cainos/Pixel Art Platformer - Village Props/Prefab/PF Village Props - Anvil 01.prefab
  artifactKey: Guid(c2f614a8e0864dc428810ace2ccc1584) Importer(815301076,1909f56bfc062723c751e8b465ee728b)
Start importing Assets/Sprites/Cainos/Pixel Art Platformer - Village Props/Prefab/PF Village Props - Anvil 01.prefab using Guid(c2f614a8e0864dc428810ace2ccc1584) Importer(815301076,1909f56bfc062723c751e8b465ee728b)  -> (artifact id: '5807c7e14a32dc2cbff50e39dc97e4e6') in 0.004186 seconds
Number of updated asset objects reloaded before import = 0
Number of asset objects unloaded after import = 5
========================================================================
Received Import Request.
  Time since last request: 0.004892 seconds.
  path: Assets/Sprites/Cainos/Pixel Art Platformer - Village Props/Prefab/PF Village Props - Banner.prefab
  artifactKey: Guid(5fd9ed34f1f755643b41c4b41d7077e5) Importer(815301076,1909f56bfc062723c751e8b465ee728b)
Start importing Assets/Sprites/Cainos/Pixel Art Platformer - Village Props/Prefab/PF Village Props - Banner.prefab using Guid(5fd9ed34f1f755643b41c4b41d7077e5) Importer(815301076,1909f56bfc062723c751e8b465ee728b)  -> (artifact id: 'f8926cf778870ad94d2509c4a234ec4f') in 0.003729 seconds
Number of updated asset objects reloaded before import = 0
Number of asset objects unloaded after import = 10
========================================================================
Received Import Request.
  Time since last request: 0.000031 seconds.
  path: Assets/Sprites/Cainos/Pixel Art Platformer - Village Props/Prefab/PF Village Props - Barrel.prefab
  artifactKey: Guid(1509360826d6bb34587310ad4949fdd5) Importer(815301076,1909f56bfc062723c751e8b465ee728b)
Start importing Assets/Sprites/Cainos/Pixel Art Platformer - Village Props/Prefab/PF Village Props - Barrel.prefab using Guid(1509360826d6bb34587310ad4949fdd5) Importer(815301076,1909f56bfc062723c751e8b465ee728b)  -> (artifact id: '3ce136154c107a08e22e3aad31be4079') in 0.004790 seconds
Number of updated asset objects reloaded before import = 0
Number of asset objects unloaded after import = 7
========================================================================
Received Import Request.
  Time since last request: 0.000024 seconds.
  path: Assets/Sprites/Cainos/Pixel Art Platformer - Village Props/Prefab/PF Village Props - Bush 02.prefab
  artifactKey: Guid(e3ef72d9f2a941b479a3bda87147db32) Importer(815301076,1909f56bfc062723c751e8b465ee728b)
Start importing Assets/Sprites/Cainos/Pixel Art Platformer - Village Props/Prefab/PF Village Props - Bush 02.prefab using Guid(e3ef72d9f2a941b479a3bda87147db32) Importer(815301076,1909f56bfc062723c751e8b465ee728b)  -> (artifact id: 'bec72eb5fd956d8fcad23f30de6f2662') in 0.002768 seconds
Number of updated asset objects reloaded before import = 0
Number of asset objects unloaded after import = 5
========================================================================
Received Import Request.
  Time since last request: 0.000020 seconds.
  path: Assets/Sprites/Cainos/Pixel Art Platformer - Village Props/Prefab/PF Village Props - Bush 03.prefab
  artifactKey: Guid(de570bfbf1a49ba4c9575930f7db6bae) Importer(815301076,1909f56bfc062723c751e8b465ee728b)
Start importing Assets/Sprites/Cainos/Pixel Art Platformer - Village Props/Prefab/PF Village Props - Bush 03.prefab using Guid(de570bfbf1a49ba4c9575930f7db6bae) Importer(815301076,1909f56bfc062723c751e8b465ee728b)  -> (artifact id: '1678d7cfc2839dec9db60e9053025fe5') in 0.002409 seconds
Number of updated asset objects reloaded before import = 0
Number of asset objects unloaded after import = 5
========================================================================
Received Import Request.
  Time since last request: 0.000023 seconds.
  path: Assets/Sprites/Cainos/Pixel Art Platformer - Village Props/Prefab/PF Village Props - Basket.prefab
  artifactKey: Guid(33765db783031c64eb242d22002b9a55) Importer(815301076,1909f56bfc062723c751e8b465ee728b)
Start importing Assets/Sprites/Cainos/Pixel Art Platformer - Village Props/Prefab/PF Village Props - Basket.prefab using Guid(33765db783031c64eb242d22002b9a55) Importer(815301076,1909f56bfc062723c751e8b465ee728b)  -> (artifact id: '84cdf9b52321b5727376f97f2b29de52') in 0.002254 seconds
Number of updated asset objects reloaded before import = 0
Number of asset objects unloaded after import = 5
========================================================================
Received Import Request.
  Time since last request: 0.000020 seconds.
  path: Assets/Sprites/Cainos/Pixel Art Platformer - Village Props/Prefab/PF Village Props - Bread 01.prefab
  artifactKey: Guid(5b863081ef08aeb42abb2f87baf72b1e) Importer(815301076,1909f56bfc062723c751e8b465ee728b)
Start importing Assets/Sprites/Cainos/Pixel Art Platformer - Village Props/Prefab/PF Village Props - Bread 01.prefab using Guid(5b863081ef08aeb42abb2f87baf72b1e) Importer(815301076,1909f56bfc062723c751e8b465ee728b)  -> (artifact id: '92bb5e84846ef595e25ddd212ba982da') in 0.002700 seconds
Number of updated asset objects reloaded before import = 0
Number of asset objects unloaded after import = 5
========================================================================
Received Import Request.
  Time since last request: 0.000023 seconds.
  path: Assets/Sprites/Cainos/Pixel Art Platformer - Village Props/Prefab/PF Village Props - Archery Target 01.prefab
  artifactKey: Guid(55e220e9324021f4aba5a837610ec52e) Importer(815301076,1909f56bfc062723c751e8b465ee728b)
Start importing Assets/Sprites/Cainos/Pixel Art Platformer - Village Props/Prefab/PF Village Props - Archery Target 01.prefab using Guid(55e220e9324021f4aba5a837610ec52e) Importer(815301076,1909f56bfc062723c751e8b465ee728b)  -> (artifact id: '658f7f3d8feeaf33ec2f483a11ca6df9') in 0.003879 seconds
Number of updated asset objects reloaded before import = 0
Number of asset objects unloaded after import = 8
========================================================================
Received Import Request.
  Time since last request: 44.237365 seconds.
  path: Assets/Sprites/Cainos/Pixel Art Platformer - Village Props/Prefab/PF Village Props - Campfire 01.prefab
  artifactKey: Guid(e8bae36b607017047ace9061609051d9) Importer(815301076,1909f56bfc062723c751e8b465ee728b)
Start importing Assets/Sprites/Cainos/Pixel Art Platformer - Village Props/Prefab/PF Village Props - Campfire 01.prefab using Guid(e8bae36b607017047ace9061609051d9) Importer(815301076,1909f56bfc062723c751e8b465ee728b)  -> (artifact id: '7e8d1bc47c3fff7cdabe10b4befb4324') in 0.027411 seconds
Number of updated asset objects reloaded before import = 0
Number of asset objects unloaded after import = 22
========================================================================
Received Import Request.
  Time since last request: 0.037406 seconds.
  path: Assets/Sprites/Cainos/Pixel Art Platformer - Village Props/Prefab/PF Village Props - Chest Golden.prefab
  artifactKey: Guid(cea950ff3b9b0804f967eaec919f19f7) Importer(815301076,1909f56bfc062723c751e8b465ee728b)
Start importing Assets/Sprites/Cainos/Pixel Art Platformer - Village Props/Prefab/PF Village Props - Chest Golden.prefab using Guid(cea950ff3b9b0804f967eaec919f19f7) Importer(815301076,1909f56bfc062723c751e8b465ee728b)  -> (artifact id: '21e4980621e329aab7d793ed289f817e') in 0.003689 seconds
Number of updated asset objects reloaded before import = 0
Number of asset objects unloaded after import = 9
========================================================================
Received Import Request.
  Time since last request: 0.254840 seconds.
  path: Assets/Sprites/Cainos/Pixel Art Platformer - Village Props/Prefab/PF Village Props - Clother Hanger.prefab
  artifactKey: Guid(cbdefb422455c2a4aab364028b4b5e10) Importer(815301076,1909f56bfc062723c751e8b465ee728b)
Start importing Assets/Sprites/Cainos/Pixel Art Platformer - Village Props/Prefab/PF Village Props - Clother Hanger.prefab using Guid(cbdefb422455c2a4aab364028b4b5e10) Importer(815301076,1909f56bfc062723c751e8b465ee728b)  -> (artifact id: '552afe22225470954b122863401650af') in 0.004341 seconds
Number of updated asset objects reloaded before import = 0
Number of asset objects unloaded after import = 58
========================================================================
Received Import Request.
  Time since last request: 0.025866 seconds.
  path: Assets/Sprites/Cainos/Pixel Art Platformer - Village Props/Prefab/PF Village Props - Crate Small.prefab
  artifactKey: Guid(ab9278aa8a6f856468c48e893720a765) Importer(815301076,1909f56bfc062723c751e8b465ee728b)
Start importing Assets/Sprites/Cainos/Pixel Art Platformer - Village Props/Prefab/PF Village Props - Crate Small.prefab using Guid(ab9278aa8a6f856468c48e893720a765) Importer(815301076,1909f56bfc062723c751e8b465ee728b)  -> (artifact id: '875f36904ea6d8113afe68e3b43aaf40') in 0.003050 seconds
Number of updated asset objects reloaded before import = 0
Number of asset objects unloaded after import = 7
========================================================================
Received Import Request.
  Time since last request: 0.284563 seconds.
  path: Assets/Sprites/Cainos/Pixel Art Platformer - Village Props/Prefab/PF Village Props - Fence A.prefab
  artifactKey: Guid(8cc938fe21b426a4daedf2f6c7e34c80) Importer(815301076,1909f56bfc062723c751e8b465ee728b)
Start importing Assets/Sprites/Cainos/Pixel Art Platformer - Village Props/Prefab/PF Village Props - Fence A.prefab using Guid(8cc938fe21b426a4daedf2f6c7e34c80) Importer(815301076,1909f56bfc062723c751e8b465ee728b)  -> (artifact id: '925f57d17c53929bcccdc25dec057a47') in 0.003457 seconds
Number of updated asset objects reloaded before import = 0
Number of asset objects unloaded after import = 58
========================================================================
Received Import Request.
  Time since last request: 0.041445 seconds.
  path: Assets/Sprites/Cainos/Pixel Art Platformer - Village Props/Prefab/PF Village Props - Flower 01.prefab
  artifactKey: Guid(459b65f26ee3d2d4c830fbffaa476ebc) Importer(815301076,1909f56bfc062723c751e8b465ee728b)
Start importing Assets/Sprites/Cainos/Pixel Art Platformer - Village Props/Prefab/PF Village Props - Flower 01.prefab using Guid(459b65f26ee3d2d4c830fbffaa476ebc) Importer(815301076,1909f56bfc062723c751e8b465ee728b)  -> (artifact id: '12891c07e81b74c754680d054895a20f') in 0.002567 seconds
Number of updated asset objects reloaded before import = 0
Number of asset objects unloaded after import = 5
========================================================================
Received Import Request.
  Time since last request: 0.000014 seconds.
  path: Assets/Sprites/Cainos/Pixel Art Platformer - Village Props/Prefab/PF Village Props - Grain Box.prefab
  artifactKey: Guid(945a24dea7767f846ad8007110a371f3) Importer(815301076,1909f56bfc062723c751e8b465ee728b)
Start importing Assets/Sprites/Cainos/Pixel Art Platformer - Village Props/Prefab/PF Village Props - Grain Box.prefab using Guid(945a24dea7767f846ad8007110a371f3) Importer(815301076,1909f56bfc062723c751e8b465ee728b)  -> (artifact id: '02aff1902f5ccffa63efec7940202ab7') in 0.002808 seconds
Number of updated asset objects reloaded before import = 0
Number of asset objects unloaded after import = 5
========================================================================
Received Prepare
Begin MonoManager ReloadAssembly
- Loaded All Assemblies, in  0.685 seconds
Refreshing native plugins compatible for Editor in 7.53 ms, found 9 plugins.
Native extension for WindowsStandalone target not found
Native extension for iOS target not found
Native extension for Android target not found
Native extension for WebGL target not found
Mono: successfully reloaded assembly
- Finished resetting the current domain, in  1.620 seconds
Domain Reload Profiling: 2305ms
	BeginReloadAssembly (212ms)
		ExecutionOrderSort (0ms)
		DisableScriptedObjects (13ms)
		BackupInstance (0ms)
		ReleaseScriptingObjects (0ms)
		CreateAndSetChildDomain (62ms)
	RebuildCommonClasses (41ms)
	RebuildNativeTypeToScriptingClass (13ms)
	initialDomainReloadingComplete (41ms)
	LoadAllAssembliesAndSetupDomain (377ms)
		LoadAssemblies (420ms)
		RebuildTransferFunctionScriptingTraits (0ms)
		AnalyzeDomain (56ms)
			TypeCache.Refresh (18ms)
				TypeCache.ScanAssembly (4ms)
			ScanForSourceGeneratedMonoScriptInfo (17ms)
			ResolveRequiredComponents (20ms)
	FinalizeReload (1620ms)
		ReleaseScriptCaches (0ms)
		RebuildScriptCaches (0ms)
		SetupLoadedEditorAssemblies (902ms)
			LogAssemblyErrors (0ms)
			InitializePlatformSupportModulesInManaged (36ms)
			SetLoadedEditorAssemblies (5ms)
			RefreshPlugins (0ms)
			BeforeProcessingInitializeOnLoad (97ms)
			ProcessInitializeOnLoadAttributes (685ms)
			ProcessInitializeOnLoadMethodAttributes (73ms)
			AfterProcessingInitializeOnLoad (5ms)
			EditorAssembliesLoaded (1ms)
		ExecutionOrderSort2 (1ms)
		AwakeInstancesAfterBackupRestoration (16ms)
Refreshing native plugins compatible for Editor in 5.11 ms, found 9 plugins.
Preloading 0 native plugins for Editor in 0.00 ms.
Unloading 4988 Unused Serialized files (Serialized files now loaded: 0)
Unloading 59 unused Assets / (0.9 MB). Loaded Objects now: 8122.
Memory consumption went from 177.4 MB to 176.5 MB.
Total: 5.790100 ms (FindLiveObjects: 0.666100 ms CreateObjectMapping: 0.348400 ms MarkObjects: 4.180200 ms  DeleteObjects: 0.594400 ms)

Prepare: number of updated asset objects reloaded= 0
AssetImportParameters requested are different than current active one (requested -> active):
  custom:container-demuxer-ogg: 62fdf1f143b41e24485cea50d1cbac27 -> 
  custom:video-decoder-ogg-theora: a1e56fd34408186e4bbccfd4996cb3dc -> 
  custom:framework-win-MediaFoundation: 216162199b28c13a410421893ffa2e32 -> 
  custom:CustomObjectIndexerAttribute: 9a22284fe3817be447336de3de66b15e -> 
  custom:container-demuxer-webm: 4f35f7cbe854078d1ac9338744f61a02 -> 
  custom:container-muxer-webm: aa71ff27fc2769a1b78a27578f13a17b -> 
  custom:video-decoder-webm-vp8: 9c59270c3fd7afecdb556c50c9e8de78 -> 
  custom:SearchIndexIgnoredProperties: e643bd26f0fe6173181afceb89e7c659 -> 
  custom:AudioImporter_EditorPlatform: d09bf68614088b80899f8185d706f6e7 -> 
  custom:video-encoder-webm-vp8: eb34c28f22e8b96e1ab97ce403110664 -> 
  custom:audio-decoder-ogg-vorbis: bf7c407c2cedff20999df2af8eb42d56 -> 
  custom:audio-encoder-webm-vorbis: bf7c407c2cedff20999df2af8eb42d56 -> 
========================================================================
Received Import Request.
  Time since last request: 82.022258 seconds.
  path: Assets/Sprites/Cainos/Pixel Art Platformer - Village Props/Texture
  artifactKey: Guid(4fb7661537e28884697bca33184bdaa0) Importer(815301076,1909f56bfc062723c751e8b465ee728b)
Start importing Assets/Sprites/Cainos/Pixel Art Platformer - Village Props/Texture using Guid(4fb7661537e28884697bca33184bdaa0) Importer(815301076,1909f56bfc062723c751e8b465ee728b)  -> (artifact id: 'e9a0ad688b2e5e809388473c6ef8aa23') in 0.003125 seconds
Number of updated asset objects reloaded before import = 0
Number of asset objects unloaded after import = 0
========================================================================
Received Import Request.
  Time since last request: 0.027298 seconds.
  path: Assets/Sprites/Cainos/Pixel Art Platformer - Village Props/Texture/TX Chest Animation.png
  artifactKey: Guid(19e07f9d107e445408633f50457d456e) Importer(815301076,1909f56bfc062723c751e8b465ee728b)
Start importing Assets/Sprites/Cainos/Pixel Art Platformer - Village Props/Texture/TX Chest Animation.png using Guid(19e07f9d107e445408633f50457d456e) Importer(815301076,1909f56bfc062723c751e8b465ee728b)  -> (artifact id: '41518d0d58d857546cf449f8ee66eeab') in 0.152024 seconds
Number of updated asset objects reloaded before import = 0
Number of asset objects unloaded after import = 30
========================================================================
Received Import Request.
  Time since last request: 0.000022 seconds.
  path: Assets/Sprites/Cainos/Pixel Art Platformer - Village Props/Texture/TX FX Torch Flame.png
  artifactKey: Guid(22a56ebdc97997341afdcb2e902b2ee6) Importer(815301076,1909f56bfc062723c751e8b465ee728b)
Start importing Assets/Sprites/Cainos/Pixel Art Platformer - Village Props/Texture/TX FX Torch Flame.png using Guid(22a56ebdc97997341afdcb2e902b2ee6) Importer(815301076,1909f56bfc062723c751e8b465ee728b)  -> (artifact id: '47a5ddc3cfb4d4f5810cb0dc9184c806') in 0.021493 seconds
Number of updated asset objects reloaded before import = 0
Number of asset objects unloaded after import = 3
========================================================================
Received Import Request.
  Time since last request: 0.000031 seconds.
  path: Assets/Sprites/Cainos/Pixel Art Platformer - Village Props/Texture/TX Tileset Ground.png
  artifactKey: Guid(157cbc340d2b7e64ab85168e80e95550) Importer(815301076,1909f56bfc062723c751e8b465ee728b)
Start importing Assets/Sprites/Cainos/Pixel Art Platformer - Village Props/Texture/TX Tileset Ground.png using Guid(157cbc340d2b7e64ab85168e80e95550) Importer(815301076,1909f56bfc062723c751e8b465ee728b)  -> (artifact id: '27b6407096fc87be8ed6b87dd92140ec') in 0.397356 seconds
Number of updated asset objects reloaded before import = 0
Number of asset objects unloaded after import = 167
========================================================================
Received Import Request.
  Time since last request: 31.028955 seconds.
  path: Assets/Sprites/Cainos/Pixel Art Platformer - Village Props/Prefab/PF Village Props - Stairs X40.prefab
  artifactKey: Guid(71d1e23306d668041aadae2ec117e0b7) Importer(815301076,1909f56bfc062723c751e8b465ee728b)
Start importing Assets/Sprites/Cainos/Pixel Art Platformer - Village Props/Prefab/PF Village Props - Stairs X40.prefab using Guid(71d1e23306d668041aadae2ec117e0b7) Importer(815301076,1909f56bfc062723c751e8b465ee728b)  -> (artifact id: '929dbcbaf98ebac5e816df31ac0c4acb') in 0.055949 seconds
Number of updated asset objects reloaded before import = 0
Number of asset objects unloaded after import = 12
========================================================================
Received Import Request.
  Time since last request: 0.220218 seconds.
  path: Assets/Sprites/Cainos/Pixel Art Platformer - Village Props/Prefab/PF Village Props - Stall.prefab
  artifactKey: Guid(b18dcd3ee86986b469e9cfc64055704c) Importer(815301076,1909f56bfc062723c751e8b465ee728b)
Start importing Assets/Sprites/Cainos/Pixel Art Platformer - Village Props/Prefab/PF Village Props - Stall.prefab using Guid(b18dcd3ee86986b469e9cfc64055704c) Importer(815301076,1909f56bfc062723c751e8b465ee728b)  -> (artifact id: '599e0e368d188c247e8edbdb080e0c4c') in 0.024202 seconds
Number of updated asset objects reloaded before import = 0
Number of asset objects unloaded after import = 116
========================================================================
Received Import Request.
  Time since last request: 0.011680 seconds.
  path: Assets/Sprites/Cainos/Pixel Art Platformer - Village Props/Prefab/PF Village Props - Stump.prefab
  artifactKey: Guid(64cddfc21e04a9c408921968b73a68ad) Importer(815301076,1909f56bfc062723c751e8b465ee728b)
Start importing Assets/Sprites/Cainos/Pixel Art Platformer - Village Props/Prefab/PF Village Props - Stump.prefab using Guid(64cddfc21e04a9c408921968b73a68ad) Importer(815301076,1909f56bfc062723c751e8b465ee728b)  -> (artifact id: 'b5276a987f03604f1b712a84b6576893') in 0.020280 seconds
Number of updated asset objects reloaded before import = 0
Number of asset objects unloaded after import = 12
========================================================================
Received Import Request.
  Time since last request: 0.230487 seconds.
  path: Assets/Sprites/Cainos/Pixel Art Platformer - Village Props/Prefab/PF Village Props - Sunflower 03.prefab
  artifactKey: Guid(ab2f44b99adf358449c83b74c274b97b) Importer(815301076,1909f56bfc062723c751e8b465ee728b)
Start importing Assets/Sprites/Cainos/Pixel Art Platformer - Village Props/Prefab/PF Village Props - Sunflower 03.prefab using Guid(ab2f44b99adf358449c83b74c274b97b) Importer(815301076,1909f56bfc062723c751e8b465ee728b)  -> (artifact id: '8638a61dd50b71cba9a4fcbbaab02640') in 0.022119 seconds
Number of updated asset objects reloaded before import = 0
Number of asset objects unloaded after import = 8
========================================================================
Received Import Request.
  Time since last request: 0.027206 seconds.
  path: Assets/Sprites/Cainos/Pixel Art Platformer - Village Props/Prefab/PF Village Props - Torch.prefab
  artifactKey: Guid(c759bb922e42eda4eb6f7e6e4e2fbe63) Importer(815301076,1909f56bfc062723c751e8b465ee728b)
Start importing Assets/Sprites/Cainos/Pixel Art Platformer - Village Props/Prefab/PF Village Props - Torch.prefab using Guid(c759bb922e42eda4eb6f7e6e4e2fbe63) Importer(815301076,1909f56bfc062723c751e8b465ee728b)  -> (artifact id: '8b0762c3115f226a0ae6d0bc91a5110e') in 0.025122 seconds
Number of updated asset objects reloaded before import = 0
Number of asset objects unloaded after import = 24
========================================================================
Received Import Request.
  Time since last request: 0.009780 seconds.
  path: Assets/Sprites/Cainos/Pixel Art Platformer - Village Props/Prefab/PF Village Props - Tree 02.prefab
  artifactKey: Guid(c5f8f079905bce04f945cd8ff4ba545a) Importer(815301076,1909f56bfc062723c751e8b465ee728b)
Start importing Assets/Sprites/Cainos/Pixel Art Platformer - Village Props/Prefab/PF Village Props - Tree 02.prefab using Guid(c5f8f079905bce04f945cd8ff4ba545a) Importer(815301076,1909f56bfc062723c751e8b465ee728b)  -> (artifact id: '41fe334003f98caedaf7c6eb029453a0') in 0.020011 seconds
Number of updated asset objects reloaded before import = 0
Number of asset objects unloaded after import = 8
========================================================================
Received Import Request.
  Time since last request: 0.247833 seconds.
  path: Assets/Sprites/Cainos/Pixel Art Platformer - Village Props/Prefab/PF Village Props - Wheat 01.prefab
  artifactKey: Guid(fc9968c4dc5d5264b89413cdfe5d303e) Importer(815301076,1909f56bfc062723c751e8b465ee728b)
Start importing Assets/Sprites/Cainos/Pixel Art Platformer - Village Props/Prefab/PF Village Props - Wheat 01.prefab using Guid(fc9968c4dc5d5264b89413cdfe5d303e) Importer(815301076,1909f56bfc062723c751e8b465ee728b)  -> (artifact id: 'd143c50147b6a5296834465a8679e801') in 0.022186 seconds
Number of updated asset objects reloaded before import = 0
Number of asset objects unloaded after import = 8
========================================================================
Received Import Request.
  Time since last request: 0.018139 seconds.
  path: Assets/Sprites/Cainos/Pixel Art Platformer - Village Props/Prefab/PF Village Props - Wheat 04.prefab
  artifactKey: Guid(e25962a23b0ae06459d988ce85f4476e) Importer(815301076,1909f56bfc062723c751e8b465ee728b)
Start importing Assets/Sprites/Cainos/Pixel Art Platformer - Village Props/Prefab/PF Village Props - Wheat 04.prefab using Guid(e25962a23b0ae06459d988ce85f4476e) Importer(815301076,1909f56bfc062723c751e8b465ee728b)  -> (artifact id: '80901e21a8b04257e7351a2d96c4b590') in 0.022523 seconds
Number of updated asset objects reloaded before import = 0
Number of asset objects unloaded after import = 8
========================================================================
Received Import Request.
  Time since last request: 0.015026 seconds.
  path: Assets/Sprites/Cainos/Pixel Art Platformer - Village Props/Prefab/PF Village Props - White Bottle.prefab
  artifactKey: Guid(af37d6137b6748f4dbfe059a86aad627) Importer(815301076,1909f56bfc062723c751e8b465ee728b)
Start importing Assets/Sprites/Cainos/Pixel Art Platformer - Village Props/Prefab/PF Village Props - White Bottle.prefab using Guid(af37d6137b6748f4dbfe059a86aad627) Importer(815301076,1909f56bfc062723c751e8b465ee728b)  -> (artifact id: 'd6f5a0ba319595d1b9283cd86ab84527') in 0.020072 seconds
Number of updated asset objects reloaded before import = 0
Number of asset objects unloaded after import = 8
========================================================================
Received Import Request.
  Time since last request: 0.256595 seconds.
  path: Assets/Sprites/Cainos/Pixel Art Platformer - Village Props/Prefab/PF Village Props - Wood Logs.prefab
  artifactKey: Guid(d0bde9a42898be64ab7372c560194d8d) Importer(815301076,1909f56bfc062723c751e8b465ee728b)
Start importing Assets/Sprites/Cainos/Pixel Art Platformer - Village Props/Prefab/PF Village Props - Wood Logs.prefab using Guid(d0bde9a42898be64ab7372c560194d8d) Importer(815301076,1909f56bfc062723c751e8b465ee728b)  -> (artifact id: '8e9d5f8bb8aab3051684407e11757964') in 0.021897 seconds
Number of updated asset objects reloaded before import = 0
Number of asset objects unloaded after import = 8
========================================================================
Received Import Request.
  Time since last request: 38.820277 seconds.
  path: Assets/Sprites/Cainos/Pixel Art Platformer - Village Props/Material/FX/MT FX Flame.mat
  artifactKey: Guid(dce4faabfa7d00147bb7d853e5c1fbf3) Importer(815301076,1909f56bfc062723c751e8b465ee728b)
Start importing Assets/Sprites/Cainos/Pixel Art Platformer - Village Props/Material/FX/MT FX Flame.mat using Guid(dce4faabfa7d00147bb7d853e5c1fbf3) Importer(815301076,1909f56bfc062723c751e8b465ee728b)  -> (artifact id: '4bedd93f902c93068d28adb0c19aceb1') in 0.035773 seconds
Number of updated asset objects reloaded before import = 0
Number of asset objects unloaded after import = 2
========================================================================
Received Import Request.
  Time since last request: 127.970968 seconds.
  path: Assets/Sprites/Cainos/Pixel Art Platformer - Village Props/Script/Chest.cs
  artifactKey: Guid(564a40ab997e88549a733c999c980526) Importer(815301076,1909f56bfc062723c751e8b465ee728b)
Start importing Assets/Sprites/Cainos/Pixel Art Platformer - Village Props/Script/Chest.cs using Guid(564a40ab997e88549a733c999c980526) Importer(815301076,1909f56bfc062723c751e8b465ee728b)  -> (artifact id: '433ed7d387d63c409fa167b0df0a1c60') in 0.000732 seconds
Number of updated asset objects reloaded before import = 0
Number of asset objects unloaded after import = 0
========================================================================
Received Import Request.
  Time since last request: 708.062401 seconds.
  path: Assets/Sprites/Cainos/Pixel Art Platformer - Village Props/Texture/TX Village Props 1.png
  artifactKey: Guid(7515a7f186bf9bc4ca4c22f08005f2f0) Importer(815301076,1909f56bfc062723c751e8b465ee728b)
Start importing Assets/Sprites/Cainos/Pixel Art Platformer - Village Props/Texture/TX Village Props 1.png using Guid(7515a7f186bf9bc4ca4c22f08005f2f0) Importer(815301076,1909f56bfc062723c751e8b465ee728b)  -> (artifact id: 'f457d869e6981575e822b2026fa10a8e') in 0.337044 seconds
Number of updated asset objects reloaded before import = 0
Number of asset objects unloaded after import = 193
========================================================================
Received Import Request.
  Time since last request: 40.015955 seconds.
  path: Assets/Sprites/Cainos/Pixel Art Platformer - Village Props/Texture/TX Village Props 1.png
  artifactKey: Guid(7515a7f186bf9bc4ca4c22f08005f2f0) Importer(815301076,1909f56bfc062723c751e8b465ee728b)
Start importing Assets/Sprites/Cainos/Pixel Art Platformer - Village Props/Texture/TX Village Props 1.png using Guid(7515a7f186bf9bc4ca4c22f08005f2f0) Importer(815301076,1909f56bfc062723c751e8b465ee728b)  -> (artifact id: '845be3d7dd5f7c6edf70d3aa55efb948') in 2.208733 seconds
Number of updated asset objects reloaded before import = 0
Number of asset objects unloaded after import = 1323
========================================================================
Received Import Request.
  Time since last request: 380.890532 seconds.
  path: Assets/Sprites/Cainos/Pixel Art Platformer - Village Props/Texture/TX Village Props 1.png
  artifactKey: Guid(7515a7f186bf9bc4ca4c22f08005f2f0) Importer(815301076,1909f56bfc062723c751e8b465ee728b)
Start importing Assets/Sprites/Cainos/Pixel Art Platformer - Village Props/Texture/TX Village Props 1.png using Guid(7515a7f186bf9bc4ca4c22f08005f2f0) Importer(815301076,1909f56bfc062723c751e8b465ee728b)  -> (artifact id: 'fab92df0c372f24c7f44fbba2fff9784') in 2.574470 seconds
Number of updated asset objects reloaded before import = 0
Number of asset objects unloaded after import = 1323
========================================================================
Received Import Request.
  Time since last request: 20.007189 seconds.
  path: Assets/Sprites/Cainos/Pixel Art Platformer - Village Props/Texture/TX Village Props 1.png
  artifactKey: Guid(7515a7f186bf9bc4ca4c22f08005f2f0) Importer(815301076,1909f56bfc062723c751e8b465ee728b)
Start importing Assets/Sprites/Cainos/Pixel Art Platformer - Village Props/Texture/TX Village Props 1.png using Guid(7515a7f186bf9bc4ca4c22f08005f2f0) Importer(815301076,1909f56bfc062723c751e8b465ee728b)  -> (artifact id: 'ba0f502040b0a10afd293f06d6511832') in 2.632450 seconds
Number of updated asset objects reloaded before import = 0
Number of asset objects unloaded after import = 1323
========================================================================
Received Import Request.
  Time since last request: 36.431893 seconds.
  path: Assets/Sprites/Cainos/Pixel Art Platformer - Village Props/Texture/TX Village Props 1.png
  artifactKey: Guid(7515a7f186bf9bc4ca4c22f08005f2f0) Importer(815301076,1909f56bfc062723c751e8b465ee728b)
Start importing Assets/Sprites/Cainos/Pixel Art Platformer - Village Props/Texture/TX Village Props 1.png using Guid(7515a7f186bf9bc4ca4c22f08005f2f0) Importer(815301076,1909f56bfc062723c751e8b465ee728b)  -> (artifact id: 'b0726298b5e4bdde7ac3392979cdc791') in 0.849422 seconds
Number of updated asset objects reloaded before import = 0
Number of asset objects unloaded after import = 475
========================================================================
Received Import Request.
  Time since last request: 3644.059660 seconds.
  path: Assets/Sprites/Cainos/Pixel Art Platformer - Village House/Texture
  artifactKey: Guid(25e66cc855114ff49a24c2fb8f1f6c9d) Importer(815301076,1909f56bfc062723c751e8b465ee728b)
Start importing Assets/Sprites/Cainos/Pixel Art Platformer - Village House/Texture using Guid(25e66cc855114ff49a24c2fb8f1f6c9d) Importer(815301076,1909f56bfc062723c751e8b465ee728b)  -> (artifact id: 'f7186ed601e286b952bfe36dad69b85f') in 0.002181 seconds
Number of updated asset objects reloaded before import = 0
Number of asset objects unloaded after import = 0
========================================================================
Received Import Request.
  Time since last request: 0.061427 seconds.
  path: Assets/Sprites/Cainos/Pixel Art Platformer - Village House/Texture/TX Tileable Brick.png
  artifactKey: Guid(72322a50dc6955840917d87ef83efa44) Importer(815301076,1909f56bfc062723c751e8b465ee728b)
Start importing Assets/Sprites/Cainos/Pixel Art Platformer - Village House/Texture/TX Tileable Brick.png using Guid(72322a50dc6955840917d87ef83efa44) Importer(815301076,1909f56bfc062723c751e8b465ee728b)  -> (artifact id: 'b08fc864648828d70c863dfcbd366cca') in 0.046071 seconds
Number of updated asset objects reloaded before import = 0
Number of asset objects unloaded after import = 3
========================================================================
Received Import Request.
  Time since last request: 0.050726 seconds.
  path: Assets/Sprites/Cainos/Pixel Art Platformer - Village House/Texture/TX Village House.png
  artifactKey: Guid(aa6fa552817c22a4e844b81b8ead69d2) Importer(815301076,1909f56bfc062723c751e8b465ee728b)
Start importing Assets/Sprites/Cainos/Pixel Art Platformer - Village House/Texture/TX Village House.png using Guid(aa6fa552817c22a4e844b81b8ead69d2) Importer(815301076,1909f56bfc062723c751e8b465ee728b)  -> (artifact id: '141f734d2b58ee8442c4619617a1df18') in 0.557735 seconds
Number of updated asset objects reloaded before import = 0
Number of asset objects unloaded after import = 147
